20150816073104437@DVR-02_Ch1.mp4=G:\VisualWorks\Projects\ExxonMobilFullFromStor\Cable_G2\Cable_Lay\DATA_20150816073104437\=G:\VisualWorks\groupings\aa9000\
20150816074252657@DVR-02_Ch1.mp4=G:\VisualWorks\Projects\ExxonMobilFullFromStor\Cable_G2\Cable_Lay\DATA_20150816074252657\=G:\VisualWorks\groupings\aa46000\
20150816081251984@DVR-02_Ch1.mp4=G:\VisualWorks\Projects\ExxonMobilFullFromStor\Cable_G2\Cable_Lay\DATA_20150816081251984\=G:\VisualWorks\groupings\aa46000\
20150816084253094@DVR-02_Ch1.mp4=G:\VisualWorks\Projects\ExxonMobilFullFromStor\Cable_G2\Cable_Lay\DATA_20150816084253094\=G:\VisualWorks\groupings\aa46000\
20150816091254016@DVR-02_Ch1.mp4=G:\VisualWorks\Projects\ExxonMobilFullFromStor\Cable_G2\Cable_Lay\DATA_20150816091254016\=G:\VisualWorks\groupings\aa9000\
20150816092837062@DVR-02_Ch1.mp4=G:\VisualWorks\Projects\ExxonMobilFullFromStor\Cable_G2\Cable_Lay\DATA_20150816092837062\=G:\VisualWorks\groupings\aa46000\
20150816092837062@DVR-02_Ch1TempFFMPEG.mp4=G:\VisualWorks\Projects\ExxonMobilFullFromStor\Cable_G2\Cable_Lay\DATA_20150816092837062\=G:\VisualWorks\groupings\aa2000\
20150816095837094@DVR-02_Ch1.mp4=G:\VisualWorks\Projects\ExxonMobilFullFromStor\Cable_G2\Cable_Lay\DATA_20150816095837094\=G:\VisualWorks\groupings\aa46000\
20150816102837109@DVR-02_Ch1.mp4=G:\VisualWorks\Projects\ExxonMobilFullFromStor\Cable_G2\Cable_Lay\DATA_20150816102837109\=G:\VisualWorks\groupings\aa46000\
20150816105839000@DVR-02_Ch1.mp4=G:\VisualWorks\Projects\ExxonMobilFullFromStor\Cable_G2\Cable_Lay\DATA_20150816105839000\=G:\VisualWorks\groupings\aa46000\
20150816112839906@DVR-02_Ch1.mp4=G:\VisualWorks\Projects\ExxonMobilFullFromStor\Cable_G2\Cable_Lay\DATA_20150816112839906\=G:\VisualWorks\groupings\aa46000\
20150816115840218@DVR-02_Ch1.mp4=G:\VisualWorks\Projects\ExxonMobilFullFromStor\Cable_G2\Cable_Lay\DATA_20150816115840093\=G:\VisualWorks\groupings\aa46000\
20150816122841016@DVR-02_Ch1.mp4=G:\VisualWorks\Projects\ExxonMobilFullFromStor\Cable_G2\Cable_Lay\DATA_20150816122841016\=G:\VisualWorks\groupings\aa46000\
20150816125841015@DVR-02_Ch1.mp4=G:\VisualWorks\Projects\ExxonMobilFullFromStor\Cable_G2\Cable_Lay\DATA_20150816125841015\=G:\VisualWorks\groupings\aa46000\
20150816132843015@DVR-02_Ch1.mp4=G:\VisualWorks\Projects\ExxonMobilFullFromStor\Cable_G2\Cable_Lay\DATA_20150816132843015\=G:\VisualWorks\groupings\aa47000\
20150816135843093@DVR-02_Ch1.mp4=G:\VisualWorks\Projects\ExxonMobilFullFromStor\Cable_G2\Cable_Lay\DATA_20150816135843093\=G:\VisualWorks\groupings\aa47000\
20150816142845000@DVR-02_Ch1.mp4=G:\VisualWorks\Projects\ExxonMobilFullFromStor\Cable_G2\Cable_Lay\DATA_20150816142845000\=G:\VisualWorks\groupings\aa46000\
20150816145846016@DVR-02_Ch1.mp4=G:\VisualWorks\Projects\ExxonMobilFullFromStor\Cable_G2\Cable_Lay\DATA_20150816145846016\=G:\VisualWorks\groupings\aa47000\
20150816152847062@DVR-02_Ch1.mp4=G:\VisualWorks\Projects\ExxonMobilFullFromStor\Cable_G2\Cable_Lay\DATA_20150816152847062\=G:\VisualWorks\groupings\aa46000\
20150816155848000@DVR-02_Ch1.mp4=G:\VisualWorks\Projects\ExxonMobilFullFromStor\Cable_G2\Cable_Lay\DATA_20150816155848000\=G:\VisualWorks\groupings\aa47000\
20150816162848969@DVR-02_Ch1.mp4=G:\VisualWorks\Projects\ExxonMobilFullFromStor\Cable_G2\Cable_Lay\DATA_20150816162848969\=G:\VisualWorks\groupings\aa47000\
20150816181257328@DVR-02_Ch1.mp4=G:\VisualWorks\Projects\ExxonMobilFullFromStor\Cable_G2\Cable_Lay\DATA_20150816181257328\=G:\VisualWorks\groupings\aa47000\
20150816184258094@DVR-02_Ch1.mp4=G:\VisualWorks\Projects\ExxonMobilFullFromStor\Cable_G2\Cable_Lay\DATA_20150816184258094\=G:\VisualWorks\groupings\aa47000\
20150816191300078@DVR-02_Ch1.mp4=G:\VisualWorks\Projects\ExxonMobilFullFromStor\Cable_G2\Cable_Lay\DATA_20150816191300078\=G:\VisualWorks\groupings\aa47000\
20150816194301062@DVR-02_Ch1.mp4=G:\VisualWorks\Projects\ExxonMobilFullFromStor\Cable_G2\Cable_Lay\DATA_20150816194301062\=G:\VisualWorks\groupings\aa47000\
20150816201301891@DVR-02_Ch1.mp4=G:\VisualWorks\Projects\ExxonMobilFullFromStor\Cable_G2\Cable_Lay\DATA_20150816201301891\=G:\VisualWorks\groupings\aa47000\
20150816204302078@DVR-02_Ch1.mp4=G:\VisualWorks\Projects\ExxonMobilFullFromStor\Cable_G2\Cable_Lay\DATA_20150816204302078\=G:\VisualWorks\groupings\aa46000\
20150816211303031@DVR-02_Ch1.mp4=G:\VisualWorks\Projects\ExxonMobilFullFromStor\Cable_G2\Cable_Lay\DATA_20150816211303031\=G:\VisualWorks\groupings\aa46000\
20150816214304016@DVR-02_Ch1.mp4=G:\VisualWorks\Projects\ExxonMobilFullFromStor\Cable_G2\Cable_Lay\DATA_20150816214304016\=G:\VisualWorks\groupings\aa46000\
20150816221304938@DVR-02_Ch1.mp4=G:\VisualWorks\Projects\ExxonMobilFullFromStor\Cable_G2\Cable_Lay\DATA_20150816221304938\=G:\VisualWorks\groupings\aa47000\
20150816224305078@DVR-02_Ch1.mp4=G:\VisualWorks\Projects\ExxonMobilFullFromStor\Cable_G2\Cable_Lay\DATA_20150816224305078\=G:\VisualWorks\groupings\aa46000\
20150816231306015@DVR-02_Ch1.mp4=G:\VisualWorks\Projects\ExxonMobilFullFromStor\Cable_G2\Cable_Lay\DATA_20150816231306015\=G:\VisualWorks\groupings\aa46000\
20150816234306016@DVR-02_Ch1.mp4=G:\VisualWorks\Projects\ExxonMobilFullFromStor\Cable_G2\Cable_Lay\DATA_20150816234306016\=G:\VisualWorks\groupings\aa46000\
20150817001308078@DVR-02_Ch1.mp4=G:\VisualWorks\Projects\ExxonMobilFullFromStor\Cable_G2\Cable_Lay\DATA_20150817001308078\=G:\VisualWorks\groupings\aa46000\
20150817004309078@DVR-02_Ch1.mp4=G:\VisualWorks\Projects\ExxonMobilFullFromStor\Cable_G2\Cable_Lay\DATA_20150817004309078\=G:\VisualWorks\groupings\aa46000\
20150817011309015@DVR-02_Ch1.mp4=G:\VisualWorks\Projects\ExxonMobilFullFromStor\Cable_G2\Cable_Lay\DATA_20150817011309015\=G:\VisualWorks\groupings\aa44000\
20150817014136219@DVR-02_Ch1.mp4=G:\VisualWorks\Projects\ExxonMobilFullFromStor\Cable_G2\Cable_Lay\DATA_20150817014136219\=G:\VisualWorks\groupings\aa46000\
20150817021136125@DVR-02_Ch1.mp4=G:\VisualWorks\Projects\ExxonMobilFullFromStor\Cable_G2\Cable_Lay\DATA_20150817021136125\=G:\VisualWorks\groupings\aa46000\
20150817024138016@DVR-02_Ch1.mp4=G:\VisualWorks\Projects\ExxonMobilFullFromStor\Cable_G2\Cable_Lay\DATA_20150817024138016\=G:\VisualWorks\groupings\aa44000\
20150817031036672@DVR-02_Ch1.mp4=G:\VisualWorks\Projects\ExxonMobilFullFromStor\Cable_G2\Cable_Lay\DATA_20150817031036672\=G:\VisualWorks\groupings\aa46000\
20150817034038000@DVR-02_Ch1.mp4=G:\VisualWorks\Projects\ExxonMobilFullFromStor\Cable_G2\Cable_Lay\DATA_20150817034038000\=G:\VisualWorks\groupings\aa46000\
20150817041038906@DVR-02_Ch1.mp4=G:\VisualWorks\Projects\ExxonMobilFullFromStor\Cable_G2\Cable_Lay\DATA_20150817041038906\=G:\VisualWorks\groupings\aa46000\
20150817044039172@DVR-02_Ch1.mp4=G:\VisualWorks\Projects\ExxonMobilFullFromStor\Cable_G2\Cable_Lay\DATA_20150817044039047\=G:\VisualWorks\groupings\aa45000\
20150817051040031@DVR-02_Ch1.mp4=G:\VisualWorks\Projects\ExxonMobilFullFromStor\Cable_G2\Cable_Lay\DATA_20150817051040031\=G:\VisualWorks\groupings\aa46000\
20150817055932968@DVR-02_Ch1.mp4=G:\VisualWorks\Projects\ExxonMobilFullFromStor\Cable_G2\Cable_Lay\DATA_20150817055932968\=G:\VisualWorks\groupings\aa46000\
20150817062932078@DVR-02_Ch1.mp4=G:\VisualWorks\Projects\ExxonMobilFullFromStor\Cable_G2\Cable_Lay\DATA_20150817062932078\=G:\VisualWorks\groupings\aa46000\
20150817065933890@DVR-02_Ch1.mp4=G:\VisualWorks\Projects\ExxonMobilFullFromStor\Cable_G2\Cable_Lay\DATA_20150817065933890\=G:\VisualWorks\groupings\aa45000\
20150817072934187@DVR-02_Ch1.mp4=G:\VisualWorks\Projects\ExxonMobilFullFromStor\Cable_G2\Cable_Lay\DATA_20150817072934094\=G:\VisualWorks\groupings\aa45000\
20150817075935093@DVR-02_Ch1.mp4=G:\VisualWorks\Projects\ExxonMobilFullFromStor\Cable_G2\Cable_Lay\DATA_20150817075935093\=G:\VisualWorks\groupings\aa44000\
20150817082936000@DVR-02_Ch1.mp4=G:\VisualWorks\Projects\ExxonMobilFullFromStor\Cable_G2\Cable_Lay\DATA_20150817082936000\=G:\VisualWorks\groupings\aa44000\
20150817085936016@DVR-02_Ch1.mp4=G:\VisualWorks\Projects\ExxonMobilFullFromStor\Cable_G2\Cable_Lay\DATA_20150817085936016\=G:\VisualWorks\groupings\aa45000\
20150817092938062@DVR-02_Ch1.mp4=G:\VisualWorks\Projects\ExxonMobilFullFromStor\Cable_G2\Cable_Lay\DATA_20150817092938062\=G:\VisualWorks\groupings\aa45000\
20150817095939125@DVR-02_Ch1.mp4=G:\VisualWorks\Projects\ExxonMobilFullFromStor\Cable_G2\Cable_Lay\DATA_20150817095939125\=G:\VisualWorks\groupings\aa45000\
20150817102940015@DVR-02_Ch1.mp4=G:\VisualWorks\Projects\ExxonMobilFullFromStor\Cable_G2\Cable_Lay\DATA_20150817102940062\=G:\VisualWorks\groupings\aa45000\
20150817105941062@DVR-02_Ch1.mp4=G:\VisualWorks\Projects\ExxonMobilFullFromStor\Cable_G2\Cable_Lay\DATA_20150817105941062\=G:\VisualWorks\groupings\aa32000\
20150817113140453@DVR-02_Ch1.mp4=G:\VisualWorks\Projects\ExxonMobilFullFromStor\Cable_G2\Cable_Lay\DATA_20150817113140453\=G:\VisualWorks\groupings\aa44000\
20150817120140015@DVR-02_Ch1.mp4=G:\VisualWorks\Projects\ExxonMobilFullFromStor\Cable_G2\Cable_Lay\DATA_20150817120140015\=G:\VisualWorks\groupings\aa45000\
20150817123142000@DVR-02_Ch1.mp4=G:\VisualWorks\Projects\ExxonMobilFullFromStor\Cable_G2\Cable_Lay\DATA_20150817123142000\=G:\VisualWorks\groupings\aa43000\
20150817133128391@DVR-02_Ch1.mp4=G:\VisualWorks\Projects\ExxonMobilFullFromStor\Cable_G2\Cable_Lay\DATA_20150817133128391\=G:\VisualWorks\groupings\aa25000\
20150817153426281@DVR-02_Ch1.mp4=G:\VisualWorks\Projects\ExxonMobilFullFromStor\Cable_G2\Cable_Lay\DATA_20150817153426281\=G:\VisualWorks\groupings\aa46000\
20150819172642094@DVR-02_Ch1.mp4=G:\VisualWorks\Projects\ExxonMobilFullFromStor\Cable_G2\Cable_Lay\DATA_20150819172642094\=G:\VisualWorks\groupings\aa45000\
20150819175643125@DVR-02_Ch1.mp4=G:\VisualWorks\Projects\ExxonMobilFullFromStor\Cable_G2\Cable_Lay\DATA_20150819175643125\=G:\VisualWorks\groupings\aa25000\
20150815223144969@DVR-01_Ch1.mp4=G:\VisualWorks\Projects\ExxonMobilFullFromStor\Cable_G2\DNP\DATA_20150815223144969\=G:\VisualWorks\groupings\aa32000\
20150815223144969@DVR-01_Ch1mp4.orig=G:\VisualWorks\Projects\ExxonMobilFullFromStor\Cable_G2\DNP\DATA_20150815223144969\=G:\VisualWorks\groupings\aa45000\
20150815230146078@DVR-01_Ch1.mp4=G:\VisualWorks\Projects\ExxonMobilFullFromStor\Cable_G2\DNP\DATA_20150815230146078\=G:\VisualWorks\groupings\aa26000\
20150815230146078@DVR-01_Ch1mp4.orig=G:\VisualWorks\Projects\ExxonMobilFullFromStor\Cable_G2\DNP\DATA_20150815230146078\=G:\VisualWorks\groupings\aa38000\
20150815232802922@DVR-01_Ch1.mp4=G:\VisualWorks\Projects\ExxonMobilFullFromStor\Cable_G2\DNP\DATA_20150815232802922\=G:\VisualWorks\groupings\aa31000\
20150815232802922@DVR-01_Ch1mp4.orig=G:\VisualWorks\Projects\ExxonMobilFullFromStor\Cable_G2\DNP\DATA_20150815232802922\=G:\VisualWorks\groupings\aa27000\
20150816052746703@DVR-02_Ch1.mp4=G:\VisualWorks\Projects\ExxonMobilFullFromStor\Cable_G2\DNP\DATA_20150816052746703\=G:\VisualWorks\groupings\aa47000\
20150816055747016@DVR-02_Ch1.mp4=G:\VisualWorks\Projects\ExxonMobilFullFromStor\Cable_G2\DNP\DATA_20150816055747016\=G:\VisualWorks\groupings\aa36000\
20150816062048844@DVR-02_Ch1.mp4=G:\VisualWorks\Projects\ExxonMobilFullFromStor\Cable_G2\DNP\DATA_20150816062048844\=G:\VisualWorks\groupings\aa13000\
20150816062919563@DVR-02_Ch1.mp4=G:\VisualWorks\Projects\ExxonMobilFullFromStor\Cable_G2\DNP\DATA_20150816062919563\=G:\VisualWorks\groupings\aa0\
20150816062919563@DVR-02_Ch1mp4.orig=G:\VisualWorks\Projects\ExxonMobilFullFromStor\Cable_G2\DNP\DATA_20150816062919563\=G:\VisualWorks\groupings\aa0\
20150816062919594@DVR-01_Ch1.mp4=G:\VisualWorks\Projects\ExxonMobilFullFromStor\Cable_G2\DNP\DATA_20150816062919563\=G:\VisualWorks\groupings\aa0\
20150816062919594@DVR-01_Ch1mp4.orig=G:\VisualWorks\Projects\ExxonMobilFullFromStor\Cable_G2\DNP\DATA_20150816062919563\=G:\VisualWorks\groupings\aa0\
20150816062951219@DVR-02_Ch1.mp4=G:\VisualWorks\Projects\ExxonMobilFullFromStor\Cable_G2\DNP\DATA_20150816062951219\=G:\VisualWorks\groupings\aa7000\
20150816062951219@DVR-02_Ch1mp4.orig=G:\VisualWorks\Projects\ExxonMobilFullFromStor\Cable_G2\DNP\DATA_20150816062951219\=G:\VisualWorks\groupings\aa6000\
20150816062951250@DVR-01_Ch1.mp4=G:\VisualWorks\Projects\ExxonMobilFullFromStor\Cable_G2\DNP\DATA_20150816062951219\=G:\VisualWorks\groupings\aa7000\
20150816062951250@DVR-01_Ch1mp4.orig=G:\VisualWorks\Projects\ExxonMobilFullFromStor\Cable_G2\DNP\DATA_20150816062951219\=G:\VisualWorks\groupings\aa7000\
20150816063414875@DVR-02_Ch1.mp4=G:\VisualWorks\Projects\ExxonMobilFullFromStor\Cable_G2\DNP\DATA_20150816063414875\=G:\VisualWorks\groupings\aa7000\
20150816063954391@DVR-02_Ch1.mp4=G:\VisualWorks\Projects\ExxonMobilFullFromStor\Cable_G2\DNP\DATA_20150816063954391\=G:\VisualWorks\groupings\aa47000\
20150816070954000@DVR-02_Ch1.mp4=G:\VisualWorks\Projects\ExxonMobilFullFromStor\Cable_G2\DNP\DATA_20150816070954000\=G:\VisualWorks\groupings\aa33000\
20150816073716110@DVR-02_Ch1.mp4=G:\VisualWorks\Projects\ExxonMobilFullFromStor\Cable_G2\DNP\DATA_20150816073716110\=G:\VisualWorks\groupings\aa9000\
20150816073716110@DVR-02_Ch1mp4.orig=G:\VisualWorks\Projects\ExxonMobilFullFromStor\Cable_G2\DNP\DATA_20150816073716110\=G:\VisualWorks\groupings\aa8000\
20150816091907266@DVR-02_Ch1.mp4=G:\VisualWorks\Projects\ExxonMobilFullFromStor\Cable_G2\DNP\DATA_20150816091907266\=G:\VisualWorks\groupings\aa16000\
20150816091907266@DVR-02_Ch1mp4.orig=G:\VisualWorks\Projects\ExxonMobilFullFromStor\Cable_G2\DNP\DATA_20150816091907266\=G:\VisualWorks\groupings\aa14000\
20150816165848219@DVR-02_Ch1.mp4=G:\VisualWorks\Projects\ExxonMobilFullFromStor\Cable_G2\DNP\DATA_20150816165848109\=G:\VisualWorks\groupings\aa47000\
20150816172849031@DVR-02_Ch1.mp4=G:\VisualWorks\Projects\ExxonMobilFullFromStor\Cable_G2\DNP\DATA_20150816172849031\=G:\VisualWorks\groupings\aa46000\
20150816175851000@DVR-02_Ch1.mp4=G:\VisualWorks\Projects\ExxonMobilFullFromStor\Cable_G2\DNP\DATA_20150816175851000\=G:\VisualWorks\groupings\aa17000\
20150816180951954@DVR-02_Ch1.mp4=G:\VisualWorks\Projects\ExxonMobilFullFromStor\Cable_G2\DNP\DATA_20150816180951954\=G:\VisualWorks\groupings\aa5000\
20150816180951954@DVR-02_Ch1mp4.orig=G:\VisualWorks\Projects\ExxonMobilFullFromStor\Cable_G2\DNP\DATA_20150816180951954\=G:\VisualWorks\groupings\aa4000\
20150817014136219@DVR-02_Ch1.mp4=G:\VisualWorks\Projects\ExxonMobilFullFromStor\Cable_G2\DNP\DATA_20150817014136219\=G:\VisualWorks\groupings\aa46000\
20150817021136125@DVR-02_Ch1.mp4=G:\VisualWorks\Projects\ExxonMobilFullFromStor\Cable_G2\DNP\DATA_20150817021136125\=G:\VisualWorks\groupings\aa46000\
20150817024138016@DVR-02_Ch1.mp4=G:\VisualWorks\Projects\ExxonMobilFullFromStor\Cable_G2\DNP\DATA_20150817024138016\=G:\VisualWorks\groupings\aa44000\
20150817054040016@DVR-02_Ch1.mp4=G:\VisualWorks\Projects\ExxonMobilFullFromStor\Cable_G2\DNP\DATA_20150817054040016\=G:\VisualWorks\groupings\aa8000\
20150817054621843@DVR-02_Ch1.mp4=G:\VisualWorks\Projects\ExxonMobilFullFromStor\Cable_G2\DNP\DATA_20150817054621843\=G:\VisualWorks\groupings\aa20000\
20150817112105109@DVR-02_Ch1.mp4=G:\VisualWorks\Projects\ExxonMobilFullFromStor\Cable_G2\DNP\DATA_20150817112105109\=G:\VisualWorks\groupings\aa15000\
20150817130030281@DVR-02_Ch1.mp4=G:\VisualWorks\Projects\ExxonMobilFullFromStor\Cable_G2\DNP\DATA_20150817130030281\=G:\VisualWorks\groupings\aa32000\
20150817130030281@DVR-02_Ch1mp4.orig=G:\VisualWorks\Projects\ExxonMobilFullFromStor\Cable_G2\DNP\DATA_20150817130030281\=G:\VisualWorks\groupings\aa44000\
20150817133032094@DVR-02_Ch1.mp4=G:\VisualWorks\Projects\ExxonMobilFullFromStor\Cable_G2\DNP\DATA_20150817133032094\=G:\VisualWorks\groupings\aa1000\
20150817133032094@DVR-02_Ch1mp4.orig=G:\VisualWorks\Projects\ExxonMobilFullFromStor\Cable_G2\DNP\DATA_20150817133032094\=G:\VisualWorks\groupings\aa1000\
20150817134818140@DVR-02_Ch1.mp4=G:\VisualWorks\Projects\ExxonMobilFullFromStor\Cable_G2\DNP\DATA_20150817134818140\=G:\VisualWorks\groupings\aa44000\
20150817134818140@DVR-02_Ch1TempFFMPEG.mp4=G:\VisualWorks\Projects\ExxonMobilFullFromStor\Cable_G2\DNP\DATA_20150817134818140\=G:\VisualWorks\groupings\aa9000\
20150817141819016@DVR-02_Ch1.mp4=G:\VisualWorks\Projects\ExxonMobilFullFromStor\Cable_G2\DNP\DATA_20150817141819016\=G:\VisualWorks\groupings\aa44000\
20150817144820015@DVR-02_Ch1.mp4=G:\VisualWorks\Projects\ExxonMobilFullFromStor\Cable_G2\DNP\DATA_20150817144820015\=G:\VisualWorks\groupings\aa45000\
20150817151821015@DVR-02_Ch1.mp4=G:\VisualWorks\Projects\ExxonMobilFullFromStor\Cable_G2\DNP\DATA_20150817151821015\=G:\VisualWorks\groupings\aa24000\
20150817160427016@DVR-02_Ch1.mp4=G:\VisualWorks\Projects\ExxonMobilFullFromStor\Cable_G2\DNP\DATA_20150817160427016\=G:\VisualWorks\groupings\aa45000\
20150817163428016@DVR-02_Ch1.mp4=G:\VisualWorks\Projects\ExxonMobilFullFromStor\Cable_G2\DNP\DATA_20150817163428016\=G:\VisualWorks\groupings\aa43000\
20150817170235968@DVR-02_Ch1.mp4=G:\VisualWorks\Projects\ExxonMobilFullFromStor\Cable_G2\DNP\DATA_20150817170235968\=G:\VisualWorks\groupings\aa44000\
20150817173236079@DVR-02_Ch1.mp4=G:\VisualWorks\Projects\ExxonMobilFullFromStor\Cable_G2\DNP\DATA_20150817173236079\=G:\VisualWorks\groupings\aa44000\
20150817180237015@DVR-02_Ch1.mp4=G:\VisualWorks\Projects\ExxonMobilFullFromStor\Cable_G2\DNP\DATA_20150817180237015\=G:\VisualWorks\groupings\aa44000\
20150817183238000@DVR-02_Ch1.mp4=G:\VisualWorks\Projects\ExxonMobilFullFromStor\Cable_G2\DNP\DATA_20150817183238000\=G:\VisualWorks\groupings\aa45000\
20150817190239078@DVR-02_Ch1.mp4=G:\VisualWorks\Projects\ExxonMobilFullFromStor\Cable_G2\DNP\DATA_20150817190239078\=G:\VisualWorks\groupings\aa44000\
20150817193240000@DVR-02_Ch1.mp4=G:\VisualWorks\Projects\ExxonMobilFullFromStor\Cable_G2\DNP\DATA_20150817193240000\=G:\VisualWorks\groupings\aa44000\
20150817200241000@DVR-02_Ch1.mp4=G:\VisualWorks\Projects\ExxonMobilFullFromStor\Cable_G2\DNP\DATA_20150817200241000\=G:\VisualWorks\groupings\aa44000\
20150817203242093@DVR-02_Ch1.mp4=G:\VisualWorks\Projects\ExxonMobilFullFromStor\Cable_G2\DNP\DATA_20150817203242093\=G:\VisualWorks\groupings\aa44000\
20150817210243063@DVR-02_Ch1.mp4=G:\VisualWorks\Projects\ExxonMobilFullFromStor\Cable_G2\DNP\DATA_20150817210243063\=G:\VisualWorks\groupings\aa44000\
20150817213244000@DVR-02_Ch1.mp4=G:\VisualWorks\Projects\ExxonMobilFullFromStor\Cable_G2\DNP\DATA_20150817213244000\=G:\VisualWorks\groupings\aa44000\
20150817220244937@DVR-02_Ch1.mp4=G:\VisualWorks\Projects\ExxonMobilFullFromStor\Cable_G2\DNP\DATA_20150817220244937\=G:\VisualWorks\groupings\aa44000\
20150817223245266@DVR-02_Ch1.mp4=G:\VisualWorks\Projects\ExxonMobilFullFromStor\Cable_G2\DNP\DATA_20150817223245125\=G:\VisualWorks\groupings\aa44000\
20150817230246079@DVR-02_Ch1.mp4=G:\VisualWorks\Projects\ExxonMobilFullFromStor\Cable_G2\DNP\DATA_20150817230246079\=G:\VisualWorks\groupings\aa44000\
20150817233247015@DVR-02_Ch1.mp4=G:\VisualWorks\Projects\ExxonMobilFullFromStor\Cable_G2\DNP\DATA_20150817233247015\=G:\VisualWorks\groupings\aa44000\
20150818000247906@DVR-02_Ch1.mp4=G:\VisualWorks\Projects\ExxonMobilFullFromStor\Cable_G2\DNP\DATA_20150818000247906\=G:\VisualWorks\groupings\aa44000\
20150818003249015@DVR-02_Ch1.mp4=G:\VisualWorks\Projects\ExxonMobilFullFromStor\Cable_G2\DNP\DATA_20150818003249015\=G:\VisualWorks\groupings\aa44000\
20150818010249953@DVR-02_Ch1.mp4=G:\VisualWorks\Projects\ExxonMobilFullFromStor\Cable_G2\DNP\DATA_20150818010249953\=G:\VisualWorks\groupings\aa44000\
20150818013250984@DVR-02_Ch1.mp4=G:\VisualWorks\Projects\ExxonMobilFullFromStor\Cable_G2\DNP\DATA_20150818013250984\=G:\VisualWorks\groupings\aa44000\
20150818020252078@DVR-02_Ch1.mp4=G:\VisualWorks\Projects\ExxonMobilFullFromStor\Cable_G2\DNP\DATA_20150818020252078\=G:\VisualWorks\groupings\aa44000\
20150818023253016@DVR-02_Ch1.mp4=G:\VisualWorks\Projects\ExxonMobilFullFromStor\Cable_G2\DNP\DATA_20150818023253016\=G:\VisualWorks\groupings\aa44000\
20150818030253938@DVR-02_Ch1.mp4=G:\VisualWorks\Projects\ExxonMobilFullFromStor\Cable_G2\DNP\DATA_20150818030253938\=G:\VisualWorks\groupings\aa44000\
20150818033255032@DVR-02_Ch1.mp4=G:\VisualWorks\Projects\ExxonMobilFullFromStor\Cable_G2\DNP\DATA_20150818033255032\=G:\VisualWorks\groupings\aa44000\
20150818040256094@DVR-02_Ch1.mp4=G:\VisualWorks\Projects\ExxonMobilFullFromStor\Cable_G2\DNP\DATA_20150818040256094\=G:\VisualWorks\groupings\aa21000\
20150818041722407@DVR-02_Ch1.mp4=G:\VisualWorks\Projects\ExxonMobilFullFromStor\Cable_G2\DNP\DATA_20150818041722407\=G:\VisualWorks\groupings\aa24000\
20150818043341734@DVR-02_Ch1.mp4=G:\VisualWorks\Projects\ExxonMobilFullFromStor\Cable_G2\DNP\DATA_20150818043341734\=G:\VisualWorks\groupings\aa45000\
20150818050342016@DVR-02_Ch1.mp4=G:\VisualWorks\Projects\ExxonMobilFullFromStor\Cable_G2\DNP\DATA_20150818050342016\=G:\VisualWorks\groupings\aa44000\
20150818053343016@DVR-02_Ch1.mp4=G:\VisualWorks\Projects\ExxonMobilFullFromStor\Cable_G2\DNP\DATA_20150818053343016\=G:\VisualWorks\groupings\aa45000\
20150818060344000@DVR-02_Ch1.mp4=G:\VisualWorks\Projects\ExxonMobilFullFromStor\Cable_G2\DNP\DATA_20150818060344000\=G:\VisualWorks\groupings\aa45000\
20150818063345000@DVR-02_Ch1.mp4=G:\VisualWorks\Projects\ExxonMobilFullFromStor\Cable_G2\DNP\DATA_20150818063345000\=G:\VisualWorks\groupings\aa45000\
20150818070346015@DVR-02_Ch1.mp4=G:\VisualWorks\Projects\ExxonMobilFullFromStor\Cable_G2\DNP\DATA_20150818070346015\=G:\VisualWorks\groupings\aa45000\
20150818073346094@DVR-02_Ch1.mp4=G:\VisualWorks\Projects\ExxonMobilFullFromStor\Cable_G2\DNP\DATA_20150818073346094\=G:\VisualWorks\groupings\aa44000\
20150818080414640@DVR-02_Ch1.mp4=G:\VisualWorks\Projects\ExxonMobilFullFromStor\Cable_G2\DNP\DATA_20150818080414640\=G:\VisualWorks\groupings\aa0\
20150818080501438@DVR-02_Ch1.mp4=G:\VisualWorks\Projects\ExxonMobilFullFromStor\Cable_G2\DNP\DATA_20150818080501438\=G:\VisualWorks\groupings\aa1000\
20150819164257359@DVR-02_Ch1.mp4=G:\VisualWorks\Projects\ExxonMobilFullFromStor\Cable_G2\DNP\DATA_20150819164257359\=G:\VisualWorks\groupings\aa13000\
20150819165134969@DVR-02_Ch1.mp4=G:\VisualWorks\Projects\ExxonMobilFullFromStor\Cable_G2\DNP\DATA_20150819165134969\=G:\VisualWorks\groupings\aa4000\
20150819165440735@DVR-02_Ch1.mp4=G:\VisualWorks\Projects\ExxonMobilFullFromStor\Cable_G2\DNP\DATA_20150819165440735\=G:\VisualWorks\groupings\aa6000\
20150819165841469@DVR-02_Ch1.mp4=G:\VisualWorks\Projects\ExxonMobilFullFromStor\Cable_G2\DNP\DATA_20150819165841469\=G:\VisualWorks\groupings\aa42000\
20150819181344578@DVR-02_Ch1.mp4=G:\VisualWorks\Projects\ExxonMobilFullFromStor\Cable_G2\DNP\DATA_20150819181344578\=G:\VisualWorks\groupings\aa9000\
20150819215334063@DVR-02_Ch1.mp4=G:\VisualWorks\Projects\ExxonMobilFullFromStor\Cable_G2\Free_Span_Inspection\DATA_20150819215334063\=G:\VisualWorks\groupings\aa45000\
20150819222335016@DVR-02_Ch1.mp4=G:\VisualWorks\Projects\ExxonMobilFullFromStor\Cable_G2\Free_Span_Inspection\DATA_20150819222335016\=G:\VisualWorks\groupings\aa13000\
20150815234555687@DVR-01_Ch1.mp4=G:\VisualWorks\Projects\ExxonMobilFullFromStor\Cable_G2\G2_Cable_Pull_In_HARMONY\DATA_20150815234555687\=G:\VisualWorks\groupings\aa8000\
20150815235147734@DVR-01_Ch1.mp4=G:\VisualWorks\Projects\ExxonMobilFullFromStor\Cable_G2\G2_Cable_Pull_In_HARMONY\DATA_20150815235147734\=G:\VisualWorks\groupings\aa45000\
20150816002148016@DVR-01_Ch1.mp4=G:\VisualWorks\Projects\ExxonMobilFullFromStor\Cable_G2\G2_Cable_Pull_In_HARMONY\DATA_20150816002148016\=G:\VisualWorks\groupings\aa45000\
20150816005149015@DVR-01_Ch1.mp4=G:\VisualWorks\Projects\ExxonMobilFullFromStor\Cable_G2\G2_Cable_Pull_In_HARMONY\DATA_20150816005149015\=G:\VisualWorks\groupings\aa46000\
20150816012150016@DVR-01_Ch1.mp4=G:\VisualWorks\Projects\ExxonMobilFullFromStor\Cable_G2\G2_Cable_Pull_In_HARMONY\DATA_20150816012150016\=G:\VisualWorks\groupings\aa46000\
20150816015151078@DVR-01_Ch1.mp4=G:\VisualWorks\Projects\ExxonMobilFullFromStor\Cable_G2\G2_Cable_Pull_In_HARMONY\DATA_20150816015151078\=G:\VisualWorks\groupings\aa47000\
20150816022152062@DVR-01_Ch1.mp4=G:\VisualWorks\Projects\ExxonMobilFullFromStor\Cable_G2\G2_Cable_Pull_In_HARMONY\DATA_20150816022152062\=G:\VisualWorks\groupings\aa45000\
20150816025153016@DVR-01_Ch1.mp4=G:\VisualWorks\Projects\ExxonMobilFullFromStor\Cable_G2\G2_Cable_Pull_In_HARMONY\DATA_20150816025153016\=G:\VisualWorks\groupings\aa45000\
20150816032154015@DVR-01_Ch1.mp4=G:\VisualWorks\Projects\ExxonMobilFullFromStor\Cable_G2\G2_Cable_Pull_In_HARMONY\DATA_20150816032154015\=G:\VisualWorks\groupings\aa38000\
20150818142100812@DVR-02_Ch1.mp4=G:\VisualWorks\Projects\ExxonMobilFullFromStor\Cable_G2\G2_Cable_Pull_In_HERITAGE\DATA_20150818142100812\=G:\VisualWorks\groupings\aa45000\
20150818145100938@DVR-02_Ch1.mp4=G:\VisualWorks\Projects\ExxonMobilFullFromStor\Cable_G2\G2_Cable_Pull_In_HERITAGE\DATA_20150818145100938\=G:\VisualWorks\groupings\aa45000\
20150818152102078@DVR-02_Ch1.mp4=G:\VisualWorks\Projects\ExxonMobilFullFromStor\Cable_G2\G2_Cable_Pull_In_HERITAGE\DATA_20150818152102078\=G:\VisualWorks\groupings\aa45000\
20150818155103000@DVR-02_Ch1.mp4=G:\VisualWorks\Projects\ExxonMobilFullFromStor\Cable_G2\G2_Cable_Pull_In_HERITAGE\DATA_20150818155103000\=G:\VisualWorks\groupings\aa44000\
20150818162104063@DVR-02_Ch1.mp4=G:\VisualWorks\Projects\ExxonMobilFullFromStor\Cable_G2\G2_Cable_Pull_In_HERITAGE\DATA_20150818162104063\=G:\VisualWorks\groupings\aa45000\
20150818165105078@DVR-02_Ch1.mp4=G:\VisualWorks\Projects\ExxonMobilFullFromStor\Cable_G2\G2_Cable_Pull_In_HERITAGE\DATA_20150818165105078\=G:\VisualWorks\groupings\aa44000\
20150818172106031@DVR-02_Ch1.mp4=G:\VisualWorks\Projects\ExxonMobilFullFromStor\Cable_G2\G2_Cable_Pull_In_HERITAGE\DATA_20150818172106031\=G:\VisualWorks\groupings\aa45000\
20150818175106906@DVR-02_Ch1.mp4=G:\VisualWorks\Projects\ExxonMobilFullFromStor\Cable_G2\G2_Cable_Pull_In_HERITAGE\DATA_20150818175106906\=G:\VisualWorks\groupings\aa9000\
20150818212646906@DVR-01_Ch1.mp4=G:\VisualWorks\Projects\ExxonMobilFullFromStor\Cable_G2\G2_Cable_Pull_In_HERITAGE\DATA_20150818212646906\=G:\VisualWorks\groupings\aa44000\
20150818215647079@DVR-01_Ch1.mp4=G:\VisualWorks\Projects\ExxonMobilFullFromStor\Cable_G2\G2_Cable_Pull_In_HERITAGE\DATA_20150818215647079\=G:\VisualWorks\groupings\aa45000\
20150818222648078@DVR-01_Ch1.mp4=G:\VisualWorks\Projects\ExxonMobilFullFromStor\Cable_G2\G2_Cable_Pull_In_HERITAGE\DATA_20150818222648078\=G:\VisualWorks\groupings\aa44000\
20150818225649000@DVR-01_Ch1.mp4=G:\VisualWorks\Projects\ExxonMobilFullFromStor\Cable_G2\G2_Cable_Pull_In_HERITAGE\DATA_20150818225649000\=G:\VisualWorks\groupings\aa44000\
20150818232650062@DVR-01_Ch1.mp4=G:\VisualWorks\Projects\ExxonMobilFullFromStor\Cable_G2\G2_Cable_Pull_In_HERITAGE\DATA_20150818232650062\=G:\VisualWorks\groupings\aa44000\
20150818235651000@DVR-01_Ch1.mp4=G:\VisualWorks\Projects\ExxonMobilFullFromStor\Cable_G2\G2_Cable_Pull_In_HERITAGE\DATA_20150818235651000\=G:\VisualWorks\groupings\aa44000\
20150819002652000@DVR-01_Ch1.mp4=G:\VisualWorks\Projects\ExxonMobilFullFromStor\Cable_G2\G2_Cable_Pull_In_HERITAGE\DATA_20150819002652000\=G:\VisualWorks\groupings\aa45000\
20150819005653125@DVR-01_Ch1.mp4=G:\VisualWorks\Projects\ExxonMobilFullFromStor\Cable_G2\G2_Cable_Pull_In_HERITAGE\DATA_20150819005653125\=G:\VisualWorks\groupings\aa44000\
20150819012654110@DVR-01_Ch1.mp4=G:\VisualWorks\Projects\ExxonMobilFullFromStor\Cable_G2\G2_Cable_Pull_In_HERITAGE\DATA_20150819012654110\=G:\VisualWorks\groupings\aa44000\
20150819015655063@DVR-01_Ch1.mp4=G:\VisualWorks\Projects\ExxonMobilFullFromStor\Cable_G2\G2_Cable_Pull_In_HERITAGE\DATA_20150819015655063\=G:\VisualWorks\groupings\aa44000\
20150819022656015@DVR-01_Ch1.mp4=G:\VisualWorks\Projects\ExxonMobilFullFromStor\Cable_G2\G2_Cable_Pull_In_HERITAGE\DATA_20150819022656015\=G:\VisualWorks\groupings\aa45000\
20150819025656984@DVR-01_Ch1.mp4=G:\VisualWorks\Projects\ExxonMobilFullFromStor\Cable_G2\G2_Cable_Pull_In_HERITAGE\DATA_20150819025656984\=G:\VisualWorks\groupings\aa45000\
20150819032657938@DVR-01_Ch1.mp4=G:\VisualWorks\Projects\ExxonMobilFullFromStor\Cable_G2\G2_Cable_Pull_In_HERITAGE\DATA_20150819032657938\=G:\VisualWorks\groupings\aa45000\
20150819035659079@DVR-01_Ch1.mp4=G:\VisualWorks\Projects\ExxonMobilFullFromStor\Cable_G2\G2_Cable_Pull_In_HERITAGE\DATA_20150819035659079\=G:\VisualWorks\groupings\aa44000\
20150819042700078@DVR-01_Ch1.mp4=G:\VisualWorks\Projects\ExxonMobilFullFromStor\Cable_G2\G2_Cable_Pull_In_HERITAGE\DATA_20150819042700078\=G:\VisualWorks\groupings\aa45000\
20150819045701109@DVR-01_Ch1.mp4=G:\VisualWorks\Projects\ExxonMobilFullFromStor\Cable_G2\G2_Cable_Pull_In_HERITAGE\DATA_20150819045701109\=G:\VisualWorks\groupings\aa45000\
20150819052702016@DVR-01_Ch1.mp4=G:\VisualWorks\Projects\ExxonMobilFullFromStor\Cable_G2\G2_Cable_Pull_In_HERITAGE\DATA_20150819052702016\=G:\VisualWorks\groupings\aa45000\
20150819055703063@DVR-01_Ch1.mp4=G:\VisualWorks\Projects\ExxonMobilFullFromStor\Cable_G2\G2_Cable_Pull_In_HERITAGE\DATA_20150819055703063\=G:\VisualWorks\groupings\aa45000\
20150819062704000@DVR-01_Ch1.mp4=G:\VisualWorks\Projects\ExxonMobilFullFromStor\Cable_G2\G2_Cable_Pull_In_HERITAGE\DATA_20150819062704000\=G:\VisualWorks\groupings\aa44000\
20150819065704906@DVR-01_Ch1.mp4=G:\VisualWorks\Projects\ExxonMobilFullFromStor\Cable_G2\G2_Cable_Pull_In_HERITAGE\DATA_20150819065704906\=G:\VisualWorks\groupings\aa44000\
20150819072705906@DVR-01_Ch1.mp4=G:\VisualWorks\Projects\ExxonMobilFullFromStor\Cable_G2\G2_Cable_Pull_In_HERITAGE\DATA_20150819072705906\=G:\VisualWorks\groupings\aa46000\
20150819075707078@DVR-01_Ch1.mp4=G:\VisualWorks\Projects\ExxonMobilFullFromStor\Cable_G2\G2_Cable_Pull_In_HERITAGE\DATA_20150819075707078\=G:\VisualWorks\groupings\aa47000\
20150819082708000@DVR-01_Ch1.mp4=G:\VisualWorks\Projects\ExxonMobilFullFromStor\Cable_G2\G2_Cable_Pull_In_HERITAGE\DATA_20150819082708000\=G:\VisualWorks\groupings\aa47000\
20150819085709016@DVR-01_Ch1.mp4=G:\VisualWorks\Projects\ExxonMobilFullFromStor\Cable_G2\G2_Cable_Pull_In_HERITAGE\DATA_20150819085709016\=G:\VisualWorks\groupings\aa47000\
20150819092710093@DVR-01_Ch1.mp4=G:\VisualWorks\Projects\ExxonMobilFullFromStor\Cable_G2\G2_Cable_Pull_In_HERITAGE\DATA_20150819092710093\=G:\VisualWorks\groupings\aa46000\
20150819095711078@DVR-01_Ch1.mp4=G:\VisualWorks\Projects\ExxonMobilFullFromStor\Cable_G2\G2_Cable_Pull_In_HERITAGE\DATA_20150819095711078\=G:\VisualWorks\groupings\aa47000\
20150819102712015@DVR-01_Ch1.mp4=G:\VisualWorks\Projects\ExxonMobilFullFromStor\Cable_G2\G2_Cable_Pull_In_HERITAGE\DATA_20150819102712015\=G:\VisualWorks\groupings\aa46000\
20150819105713094@DVR-01_Ch1.mp4=G:\VisualWorks\Projects\ExxonMobilFullFromStor\Cable_G2\G2_Cable_Pull_In_HERITAGE\DATA_20150819105713094\=G:\VisualWorks\groupings\aa45000\
20150819112714078@DVR-01_Ch1.mp4=G:\VisualWorks\Projects\ExxonMobilFullFromStor\Cable_G2\G2_Cable_Pull_In_HERITAGE\DATA_20150819112714078\=G:\VisualWorks\groupings\aa44000\
20150819115715000@DVR-01_Ch1.mp4=G:\VisualWorks\Projects\ExxonMobilFullFromStor\Cable_G2\G2_Cable_Pull_In_HERITAGE\DATA_20150819115715000\=G:\VisualWorks\groupings\aa45000\
20150819122715890@DVR-01_Ch1.mp4=G:\VisualWorks\Projects\ExxonMobilFullFromStor\Cable_G2\G2_Cable_Pull_In_HERITAGE\DATA_20150819122715890\=G:\VisualWorks\groupings\aa45000\
20150819125717078@DVR-01_Ch1.mp4=G:\VisualWorks\Projects\ExxonMobilFullFromStor\Cable_G2\G2_Cable_Pull_In_HERITAGE\DATA_20150819125717078\=G:\VisualWorks\groupings\aa45000\
20150819132718016@DVR-01_Ch1.mp4=G:\VisualWorks\Projects\ExxonMobilFullFromStor\Cable_G2\G2_Cable_Pull_In_HERITAGE\DATA_20150819132718016\=G:\VisualWorks\groupings\aa11000\
20150819133503844@DVR-01_Ch1.mp4=G:\VisualWorks\Projects\ExxonMobilFullFromStor\Cable_G2\G2_Cable_Pull_In_HERITAGE\DATA_20150819133503844\=G:\VisualWorks\groupings\aa0\
20150819133540891@DVR-01_Ch1.mp4=G:\VisualWorks\Projects\ExxonMobilFullFromStor\Cable_G2\G2_Cable_Pull_In_HERITAGE\DATA_20150819133540844\=G:\VisualWorks\groupings\aa45000\
20150819140541031@DVR-01_Ch1.mp4=G:\VisualWorks\Projects\ExxonMobilFullFromStor\Cable_G2\G2_Cable_Pull_In_HERITAGE\DATA_20150819140541031\=G:\VisualWorks\groupings\aa15000\
20150817170235968@DVR-02_Ch1.mp4=G:\VisualWorks\Projects\ExxonMobilFullFromStor\Cable_G2\G2_Preparation_for_Pull_In_HERITAGE\DATA_20150817170235968\=G:\VisualWorks\groupings\aa44000\
20150817173236079@DVR-02_Ch1.mp4=G:\VisualWorks\Projects\ExxonMobilFullFromStor\Cable_G2\G2_Preparation_for_Pull_In_HERITAGE\DATA_20150817173236079\=G:\VisualWorks\groupings\aa44000\
20150817180237015@DVR-02_Ch1.mp4=G:\VisualWorks\Projects\ExxonMobilFullFromStor\Cable_G2\G2_Preparation_for_Pull_In_HERITAGE\DATA_20150817180237015\=G:\VisualWorks\groupings\aa44000\
20150817183238000@DVR-02_Ch1.mp4=G:\VisualWorks\Projects\ExxonMobilFullFromStor\Cable_G2\G2_Preparation_for_Pull_In_HERITAGE\DATA_20150817183238000\=G:\VisualWorks\groupings\aa45000\
20150817190239078@DVR-02_Ch1.mp4=G:\VisualWorks\Projects\ExxonMobilFullFromStor\Cable_G2\G2_Preparation_for_Pull_In_HERITAGE\DATA_20150817190239078\=G:\VisualWorks\groupings\aa44000\
20150817193240000@DVR-02_Ch1.mp4=G:\VisualWorks\Projects\ExxonMobilFullFromStor\Cable_G2\G2_Preparation_for_Pull_In_HERITAGE\DATA_20150817193240000\=G:\VisualWorks\groupings\aa44000\
20150817200241000@DVR-02_Ch1.mp4=G:\VisualWorks\Projects\ExxonMobilFullFromStor\Cable_G2\G2_Preparation_for_Pull_In_HERITAGE\DATA_20150817200241000\=G:\VisualWorks\groupings\aa44000\
20150817203242093@DVR-02_Ch1.mp4=G:\VisualWorks\Projects\ExxonMobilFullFromStor\Cable_G2\G2_Preparation_for_Pull_In_HERITAGE\DATA_20150817203242093\=G:\VisualWorks\groupings\aa44000\
20150817210243063@DVR-02_Ch1.mp4=G:\VisualWorks\Projects\ExxonMobilFullFromStor\Cable_G2\G2_Preparation_for_Pull_In_HERITAGE\DATA_20150817210243063\=G:\VisualWorks\groupings\aa44000\
20150817213244000@DVR-02_Ch1.mp4=G:\VisualWorks\Projects\ExxonMobilFullFromStor\Cable_G2\G2_Preparation_for_Pull_In_HERITAGE\DATA_20150817213244000\=G:\VisualWorks\groupings\aa44000\
20150817220244937@DVR-02_Ch1.mp4=G:\VisualWorks\Projects\ExxonMobilFullFromStor\Cable_G2\G2_Preparation_for_Pull_In_HERITAGE\DATA_20150817220244937\=G:\VisualWorks\groupings\aa44000\
20150817223245266@DVR-02_Ch1.mp4=G:\VisualWorks\Projects\ExxonMobilFullFromStor\Cable_G2\G2_Preparation_for_Pull_In_HERITAGE\DATA_20150817223245125\=G:\VisualWorks\groupings\aa44000\
20150817230246079@DVR-02_Ch1.mp4=G:\VisualWorks\Projects\ExxonMobilFullFromStor\Cable_G2\G2_Preparation_for_Pull_In_HERITAGE\DATA_20150817230246079\=G:\VisualWorks\groupings\aa44000\
20150817233247015@DVR-02_Ch1.mp4=G:\VisualWorks\Projects\ExxonMobilFullFromStor\Cable_G2\G2_Preparation_for_Pull_In_HERITAGE\DATA_20150817233247015\=G:\VisualWorks\groupings\aa44000\
20150818000247906@DVR-02_Ch1.mp4=G:\VisualWorks\Projects\ExxonMobilFullFromStor\Cable_G2\G2_Preparation_for_Pull_In_HERITAGE\DATA_20150818000247906\=G:\VisualWorks\groupings\aa44000\
20150818003249015@DVR-02_Ch1.mp4=G:\VisualWorks\Projects\ExxonMobilFullFromStor\Cable_G2\G2_Preparation_for_Pull_In_HERITAGE\DATA_20150818003249015\=G:\VisualWorks\groupings\aa44000\
20150818010249953@DVR-02_Ch1.mp4=G:\VisualWorks\Projects\ExxonMobilFullFromStor\Cable_G2\G2_Preparation_for_Pull_In_HERITAGE\DATA_20150818010249953\=G:\VisualWorks\groupings\aa44000\
20150818013250984@DVR-02_Ch1.mp4=G:\VisualWorks\Projects\ExxonMobilFullFromStor\Cable_G2\G2_Preparation_for_Pull_In_HERITAGE\DATA_20150818013250984\=G:\VisualWorks\groupings\aa44000\
20150818020252078@DVR-02_Ch1.mp4=G:\VisualWorks\Projects\ExxonMobilFullFromStor\Cable_G2\G2_Preparation_for_Pull_In_HERITAGE\DATA_20150818020252078\=G:\VisualWorks\groupings\aa44000\
20150818023253016@DVR-02_Ch1.mp4=G:\VisualWorks\Projects\ExxonMobilFullFromStor\Cable_G2\G2_Preparation_for_Pull_In_HERITAGE\DATA_20150818023253016\=G:\VisualWorks\groupings\aa44000\
20150818030253938@DVR-02_Ch1.mp4=G:\VisualWorks\Projects\ExxonMobilFullFromStor\Cable_G2\G2_Preparation_for_Pull_In_HERITAGE\DATA_20150818030253938\=G:\VisualWorks\groupings\aa44000\
20150818033255032@DVR-02_Ch1.mp4=G:\VisualWorks\Projects\ExxonMobilFullFromStor\Cable_G2\G2_Preparation_for_Pull_In_HERITAGE\DATA_20150818033255032\=G:\VisualWorks\groupings\aa44000\
20150818040256094@DVR-02_Ch1.mp4=G:\VisualWorks\Projects\ExxonMobilFullFromStor\Cable_G2\G2_Preparation_for_Pull_In_HERITAGE\DATA_20150818040256094\=G:\VisualWorks\groupings\aa21000\
20150818041722407@DVR-02_Ch1.mp4=G:\VisualWorks\Projects\ExxonMobilFullFromStor\Cable_G2\G2_Preparation_for_Pull_In_HERITAGE\DATA_20150818041722407\=G:\VisualWorks\groupings\aa24000\
20150818043341734@DVR-02_Ch1.mp4=G:\VisualWorks\Projects\ExxonMobilFullFromStor\Cable_G2\G2_Preparation_for_Pull_In_HERITAGE\DATA_20150818043341734\=G:\VisualWorks\groupings\aa45000\
20150818050342016@DVR-02_Ch1.mp4=G:\VisualWorks\Projects\ExxonMobilFullFromStor\Cable_G2\G2_Preparation_for_Pull_In_HERITAGE\DATA_20150818050342016\=G:\VisualWorks\groupings\aa44000\
20150818053343016@DVR-02_Ch1.mp4=G:\VisualWorks\Projects\ExxonMobilFullFromStor\Cable_G2\G2_Preparation_for_Pull_In_HERITAGE\DATA_20150818053343016\=G:\VisualWorks\groupings\aa45000\
20150818060344000@DVR-02_Ch1.mp4=G:\VisualWorks\Projects\ExxonMobilFullFromStor\Cable_G2\G2_Preparation_for_Pull_In_HERITAGE\DATA_20150818060344000\=G:\VisualWorks\groupings\aa45000\
20150818063345000@DVR-02_Ch1.mp4=G:\VisualWorks\Projects\ExxonMobilFullFromStor\Cable_G2\G2_Preparation_for_Pull_In_HERITAGE\DATA_20150818063345000\=G:\VisualWorks\groupings\aa45000\
20150818070346015@DVR-02_Ch1.mp4=G:\VisualWorks\Projects\ExxonMobilFullFromStor\Cable_G2\G2_Preparation_for_Pull_In_HERITAGE\DATA_20150818070346015\=G:\VisualWorks\groupings\aa45000\
20150818080640344@DVR-02_Ch1.mp4=G:\VisualWorks\Projects\ExxonMobilFullFromStor\Cable_G2\G2_Preparation_for_Pull_In_HERITAGE\DATA_20150818080640344\=G:\VisualWorks\groupings\aa45000\
20150818083641015@DVR-02_Ch1.mp4=G:\VisualWorks\Projects\ExxonMobilFullFromStor\Cable_G2\G2_Preparation_for_Pull_In_HERITAGE\DATA_20150818083641015\=G:\VisualWorks\groupings\aa46000\
20150818090642062@DVR-02_Ch1.mp4=G:\VisualWorks\Projects\ExxonMobilFullFromStor\Cable_G2\G2_Preparation_for_Pull_In_HERITAGE\DATA_20150818090642062\=G:\VisualWorks\groupings\aa45000\
20150818093643016@DVR-02_Ch1.mp4=G:\VisualWorks\Projects\ExxonMobilFullFromStor\Cable_G2\G2_Preparation_for_Pull_In_HERITAGE\DATA_20150818093643016\=G:\VisualWorks\groupings\aa45000\
20150818100644047@DVR-02_Ch1.mp4=G:\VisualWorks\Projects\ExxonMobilFullFromStor\Cable_G2\G2_Preparation_for_Pull_In_HERITAGE\DATA_20150818100644047\=G:\VisualWorks\groupings\aa45000\
20150818103645016@DVR-02_Ch1.mp4=G:\VisualWorks\Projects\ExxonMobilFullFromStor\Cable_G2\G2_Preparation_for_Pull_In_HERITAGE\DATA_20150818103645016\=G:\VisualWorks\groupings\aa45000\
20150818110646078@DVR-02_Ch1.mp4=G:\VisualWorks\Projects\ExxonMobilFullFromStor\Cable_G2\G2_Preparation_for_Pull_In_HERITAGE\DATA_20150818110646078\=G:\VisualWorks\groupings\aa45000\
20150818113647015@DVR-02_Ch1.mp4=G:\VisualWorks\Projects\ExxonMobilFullFromStor\Cable_G2\G2_Preparation_for_Pull_In_HERITAGE\DATA_20150818113647015\=G:\VisualWorks\groupings\aa45000\
20150818120648015@DVR-02_Ch1.mp4=G:\VisualWorks\Projects\ExxonMobilFullFromStor\Cable_G2\G2_Preparation_for_Pull_In_HERITAGE\DATA_20150818120648015\=G:\VisualWorks\groupings\aa45000\
20150818123649016@DVR-02_Ch1.mp4=G:\VisualWorks\Projects\ExxonMobilFullFromStor\Cable_G2\G2_Preparation_for_Pull_In_HERITAGE\DATA_20150818123649016\=G:\VisualWorks\groupings\aa45000\
20150818130650000@DVR-02_Ch1.mp4=G:\VisualWorks\Projects\ExxonMobilFullFromStor\Cable_G2\G2_Preparation_for_Pull_In_HERITAGE\DATA_20150818130650000\=G:\VisualWorks\groupings\aa45000\
20150818133649172@DVR-02_Ch1.mp4=G:\VisualWorks\Projects\ExxonMobilFullFromStor\Cable_G2\G2_Preparation_for_Pull_In_HERITAGE\DATA_20150818133649031\=G:\VisualWorks\groupings\aa45000\
20150818140650219@DVR-02_Ch1.mp4=G:\VisualWorks\Projects\ExxonMobilFullFromStor\Cable_G2\G2_Preparation_for_Pull_In_HERITAGE\DATA_20150818140650110\=G:\VisualWorks\groupings\aa21000\
20150816052746703@DVR-02_Ch1.mp4=G:\VisualWorks\Projects\ExxonMobilFullFromStor\Cable_G2\GVI\DATA_20150816052746703\=G:\VisualWorks\groupings\aa47000\
20150816055747016@DVR-02_Ch1.mp4=G:\VisualWorks\Projects\ExxonMobilFullFromStor\Cable_G2\GVI\DATA_20150816055747016\=G:\VisualWorks\groupings\aa36000\
20150816062048844@DVR-02_Ch1.mp4=G:\VisualWorks\Projects\ExxonMobilFullFromStor\Cable_G2\GVI\DATA_20150816062048844\=G:\VisualWorks\groupings\aa13000\
20150816063414875@DVR-02_Ch1.mp4=G:\VisualWorks\Projects\ExxonMobilFullFromStor\Cable_G2\GVI\DATA_20150816063414875\=G:\VisualWorks\groupings\aa7000\
20150816063954391@DVR-02_Ch1.mp4=G:\VisualWorks\Projects\ExxonMobilFullFromStor\Cable_G2\GVI\DATA_20150816063954391\=G:\VisualWorks\groupings\aa47000\
20150816070954000@DVR-02_Ch1.mp4=G:\VisualWorks\Projects\ExxonMobilFullFromStor\Cable_G2\GVI\DATA_20150816070954000\=G:\VisualWorks\groupings\aa33000\
