G:\VisualWorks\groupings\aa9000\repaired\20150816073104437@DVR-02_Ch1.mp4=G:\VisualWorks\Projects\ExxonMobilFullFromStor\Cable_G2\Cable_Lay\DATA_20150816073104437\20150816073104437@DVR-02_Ch1mp4.original1
G:\VisualWorks\groupings\aa46000\repaired\20150816074252657@DVR-02_Ch1.mp4=G:\VisualWorks\Projects\ExxonMobilFullFromStor\Cable_G2\Cable_Lay\DATA_20150816074252657\20150816074252657@DVR-02_Ch1mp4.original1
G:\VisualWorks\groupings\aa46000\repaired\20150816081251984@DVR-02_Ch1.mp4=G:\VisualWorks\Projects\ExxonMobilFullFromStor\Cable_G2\Cable_Lay\DATA_20150816081251984\20150816081251984@DVR-02_Ch1mp4.original1
G:\VisualWorks\groupings\aa46000\repaired\20150816084253094@DVR-02_Ch1.mp4=G:\VisualWorks\Projects\ExxonMobilFullFromStor\Cable_G2\Cable_Lay\DATA_20150816084253094\20150816084253094@DVR-02_Ch1mp4.original1
G:\VisualWorks\groupings\aa9000\repaired\20150816091254016@DVR-02_Ch1.mp4=G:\VisualWorks\Projects\ExxonMobilFullFromStor\Cable_G2\Cable_Lay\DATA_20150816091254016\20150816091254016@DVR-02_Ch1mp4.original1
G:\VisualWorks\groupings\aa46000\repaired\20150816092837062@DVR-02_Ch1.mp4=G:\VisualWorks\Projects\ExxonMobilFullFromStor\Cable_G2\Cable_Lay\DATA_20150816092837062\20150816092837062@DVR-02_Ch1mp4.original1
G:\VisualWorks\groupings\aa46000\repaired\20150816095837094@DVR-02_Ch1.mp4=G:\VisualWorks\Projects\ExxonMobilFullFromStor\Cable_G2\Cable_Lay\DATA_20150816095837094\20150816095837094@DVR-02_Ch1mp4.original1
G:\VisualWorks\groupings\aa46000\repaired\20150816102837109@DVR-02_Ch1.mp4=G:\VisualWorks\Projects\ExxonMobilFullFromStor\Cable_G2\Cable_Lay\DATA_20150816102837109\20150816102837109@DVR-02_Ch1mp4.original1
G:\VisualWorks\groupings\aa46000\repaired\20150816105839000@DVR-02_Ch1.mp4=G:\VisualWorks\Projects\ExxonMobilFullFromStor\Cable_G2\Cable_Lay\DATA_20150816105839000\20150816105839000@DVR-02_Ch1mp4.original1
G:\VisualWorks\groupings\aa46000\repaired\20150816112839906@DVR-02_Ch1.mp4=G:\VisualWorks\Projects\ExxonMobilFullFromStor\Cable_G2\Cable_Lay\DATA_20150816112839906\20150816112839906@DVR-02_Ch1mp4.original1
G:\VisualWorks\groupings\aa46000\repaired\20150816115840218@DVR-02_Ch1.mp4=G:\VisualWorks\Projects\ExxonMobilFullFromStor\Cable_G2\Cable_Lay\DATA_20150816115840093\20150816115840218@DVR-02_Ch1mp4.original1
G:\VisualWorks\groupings\aa46000\repaired\20150816122841016@DVR-02_Ch1.mp4=G:\VisualWorks\Projects\ExxonMobilFullFromStor\Cable_G2\Cable_Lay\DATA_20150816122841016\20150816122841016@DVR-02_Ch1mp4.original1
G:\VisualWorks\groupings\aa46000\repaired\20150816125841015@DVR-02_Ch1.mp4=G:\VisualWorks\Projects\ExxonMobilFullFromStor\Cable_G2\Cable_Lay\DATA_20150816125841015\20150816125841015@DVR-02_Ch1mp4.original1
G:\VisualWorks\groupings\aa47000\repaired\20150816132843015@DVR-02_Ch1.mp4=G:\VisualWorks\Projects\ExxonMobilFullFromStor\Cable_G2\Cable_Lay\DATA_20150816132843015\20150816132843015@DVR-02_Ch1mp4.original1
G:\VisualWorks\groupings\aa47000\repaired\20150816135843093@DVR-02_Ch1.mp4=G:\VisualWorks\Projects\ExxonMobilFullFromStor\Cable_G2\Cable_Lay\DATA_20150816135843093\20150816135843093@DVR-02_Ch1mp4.original1
G:\VisualWorks\groupings\aa46000\repaired\20150816142845000@DVR-02_Ch1.mp4=G:\VisualWorks\Projects\ExxonMobilFullFromStor\Cable_G2\Cable_Lay\DATA_20150816142845000\20150816142845000@DVR-02_Ch1mp4.original1
G:\VisualWorks\groupings\aa47000\repaired\20150816145846016@DVR-02_Ch1.mp4=G:\VisualWorks\Projects\ExxonMobilFullFromStor\Cable_G2\Cable_Lay\DATA_20150816145846016\20150816145846016@DVR-02_Ch1mp4.original1
G:\VisualWorks\groupings\aa46000\repaired\20150816152847062@DVR-02_Ch1.mp4=G:\VisualWorks\Projects\ExxonMobilFullFromStor\Cable_G2\Cable_Lay\DATA_20150816152847062\20150816152847062@DVR-02_Ch1mp4.original1
G:\VisualWorks\groupings\aa47000\repaired\20150816155848000@DVR-02_Ch1.mp4=G:\VisualWorks\Projects\ExxonMobilFullFromStor\Cable_G2\Cable_Lay\DATA_20150816155848000\20150816155848000@DVR-02_Ch1mp4.original1
G:\VisualWorks\groupings\aa47000\repaired\20150816162848969@DVR-02_Ch1.mp4=G:\VisualWorks\Projects\ExxonMobilFullFromStor\Cable_G2\Cable_Lay\DATA_20150816162848969\20150816162848969@DVR-02_Ch1mp4.original1
G:\VisualWorks\groupings\aa47000\repaired\20150816181257328@DVR-02_Ch1.mp4=G:\VisualWorks\Projects\ExxonMobilFullFromStor\Cable_G2\Cable_Lay\DATA_20150816181257328\20150816181257328@DVR-02_Ch1mp4.original1
G:\VisualWorks\groupings\aa47000\repaired\20150816184258094@DVR-02_Ch1.mp4=G:\VisualWorks\Projects\ExxonMobilFullFromStor\Cable_G2\Cable_Lay\DATA_20150816184258094\20150816184258094@DVR-02_Ch1mp4.original1
G:\VisualWorks\groupings\aa47000\repaired\20150816191300078@DVR-02_Ch1.mp4=G:\VisualWorks\Projects\ExxonMobilFullFromStor\Cable_G2\Cable_Lay\DATA_20150816191300078\20150816191300078@DVR-02_Ch1mp4.original1
G:\VisualWorks\groupings\aa47000\repaired\20150816194301062@DVR-02_Ch1.mp4=G:\VisualWorks\Projects\ExxonMobilFullFromStor\Cable_G2\Cable_Lay\DATA_20150816194301062\20150816194301062@DVR-02_Ch1mp4.original1
G:\VisualWorks\groupings\aa47000\repaired\20150816201301891@DVR-02_Ch1.mp4=G:\VisualWorks\Projects\ExxonMobilFullFromStor\Cable_G2\Cable_Lay\DATA_20150816201301891\20150816201301891@DVR-02_Ch1mp4.original1
G:\VisualWorks\groupings\aa46000\repaired\20150816204302078@DVR-02_Ch1.mp4=G:\VisualWorks\Projects\ExxonMobilFullFromStor\Cable_G2\Cable_Lay\DATA_20150816204302078\20150816204302078@DVR-02_Ch1mp4.original1
G:\VisualWorks\groupings\aa46000\repaired\20150816211303031@DVR-02_Ch1.mp4=G:\VisualWorks\Projects\ExxonMobilFullFromStor\Cable_G2\Cable_Lay\DATA_20150816211303031\20150816211303031@DVR-02_Ch1mp4.original1
G:\VisualWorks\groupings\aa46000\repaired\20150816214304016@DVR-02_Ch1.mp4=G:\VisualWorks\Projects\ExxonMobilFullFromStor\Cable_G2\Cable_Lay\DATA_20150816214304016\20150816214304016@DVR-02_Ch1mp4.original1
G:\VisualWorks\groupings\aa47000\repaired\20150816221304938@DVR-02_Ch1.mp4=G:\VisualWorks\Projects\ExxonMobilFullFromStor\Cable_G2\Cable_Lay\DATA_20150816221304938\20150816221304938@DVR-02_Ch1mp4.original1
G:\VisualWorks\groupings\aa46000\repaired\20150816224305078@DVR-02_Ch1.mp4=G:\VisualWorks\Projects\ExxonMobilFullFromStor\Cable_G2\Cable_Lay\DATA_20150816224305078\20150816224305078@DVR-02_Ch1mp4.original1
G:\VisualWorks\groupings\aa46000\repaired\20150816231306015@DVR-02_Ch1.mp4=G:\VisualWorks\Projects\ExxonMobilFullFromStor\Cable_G2\Cable_Lay\DATA_20150816231306015\20150816231306015@DVR-02_Ch1mp4.original1
G:\VisualWorks\groupings\aa46000\repaired\20150816234306016@DVR-02_Ch1.mp4=G:\VisualWorks\Projects\ExxonMobilFullFromStor\Cable_G2\Cable_Lay\DATA_20150816234306016\20150816234306016@DVR-02_Ch1mp4.original1
G:\VisualWorks\groupings\aa46000\repaired\20150817001308078@DVR-02_Ch1.mp4=G:\VisualWorks\Projects\ExxonMobilFullFromStor\Cable_G2\Cable_Lay\DATA_20150817001308078\20150817001308078@DVR-02_Ch1mp4.original1
G:\VisualWorks\groupings\aa46000\repaired\20150817004309078@DVR-02_Ch1.mp4=G:\VisualWorks\Projects\ExxonMobilFullFromStor\Cable_G2\Cable_Lay\DATA_20150817004309078\20150817004309078@DVR-02_Ch1mp4.original1
G:\VisualWorks\groupings\aa44000\repaired\20150817011309015@DVR-02_Ch1.mp4=G:\VisualWorks\Projects\ExxonMobilFullFromStor\Cable_G2\Cable_Lay\DATA_20150817011309015\20150817011309015@DVR-02_Ch1mp4.original1
G:\VisualWorks\groupings\aa46000\repaired\20150817014136219@DVR-02_Ch1.mp4=G:\VisualWorks\Projects\ExxonMobilFullFromStor\Cable_G2\Cable_Lay\DATA_20150817014136219\20150817014136219@DVR-02_Ch1mp4.original1
G:\VisualWorks\groupings\aa46000\repaired\20150817021136125@DVR-02_Ch1.mp4=G:\VisualWorks\Projects\ExxonMobilFullFromStor\Cable_G2\Cable_Lay\DATA_20150817021136125\20150817021136125@DVR-02_Ch1mp4.original1
G:\VisualWorks\groupings\aa44000\repaired\20150817024138016@DVR-02_Ch1.mp4=G:\VisualWorks\Projects\ExxonMobilFullFromStor\Cable_G2\Cable_Lay\DATA_20150817024138016\20150817024138016@DVR-02_Ch1mp4.original1
G:\VisualWorks\groupings\aa46000\repaired\20150817031036672@DVR-02_Ch1.mp4=G:\VisualWorks\Projects\ExxonMobilFullFromStor\Cable_G2\Cable_Lay\DATA_20150817031036672\20150817031036672@DVR-02_Ch1mp4.original1
G:\VisualWorks\groupings\aa46000\repaired\20150817034038000@DVR-02_Ch1.mp4=G:\VisualWorks\Projects\ExxonMobilFullFromStor\Cable_G2\Cable_Lay\DATA_20150817034038000\20150817034038000@DVR-02_Ch1mp4.original1
G:\VisualWorks\groupings\aa46000\repaired\20150817041038906@DVR-02_Ch1.mp4=G:\VisualWorks\Projects\ExxonMobilFullFromStor\Cable_G2\Cable_Lay\DATA_20150817041038906\20150817041038906@DVR-02_Ch1mp4.original1
G:\VisualWorks\groupings\aa45000\repaired\20150817044039172@DVR-02_Ch1.mp4=G:\VisualWorks\Projects\ExxonMobilFullFromStor\Cable_G2\Cable_Lay\DATA_20150817044039047\20150817044039172@DVR-02_Ch1mp4.original1
G:\VisualWorks\groupings\aa46000\repaired\20150817051040031@DVR-02_Ch1.mp4=G:\VisualWorks\Projects\ExxonMobilFullFromStor\Cable_G2\Cable_Lay\DATA_20150817051040031\20150817051040031@DVR-02_Ch1mp4.original1
G:\VisualWorks\groupings\aa46000\repaired\20150817055932968@DVR-02_Ch1.mp4=G:\VisualWorks\Projects\ExxonMobilFullFromStor\Cable_G2\Cable_Lay\DATA_20150817055932968\20150817055932968@DVR-02_Ch1mp4.original1
G:\VisualWorks\groupings\aa46000\repaired\20150817062932078@DVR-02_Ch1.mp4=G:\VisualWorks\Projects\ExxonMobilFullFromStor\Cable_G2\Cable_Lay\DATA_20150817062932078\20150817062932078@DVR-02_Ch1mp4.original1
G:\VisualWorks\groupings\aa45000\repaired\20150817065933890@DVR-02_Ch1.mp4=G:\VisualWorks\Projects\ExxonMobilFullFromStor\Cable_G2\Cable_Lay\DATA_20150817065933890\20150817065933890@DVR-02_Ch1mp4.original1
G:\VisualWorks\groupings\aa45000\repaired\20150817072934187@DVR-02_Ch1.mp4=G:\VisualWorks\Projects\ExxonMobilFullFromStor\Cable_G2\Cable_Lay\DATA_20150817072934094\20150817072934187@DVR-02_Ch1mp4.original1
G:\VisualWorks\groupings\aa44000\repaired\20150817075935093@DVR-02_Ch1.mp4=G:\VisualWorks\Projects\ExxonMobilFullFromStor\Cable_G2\Cable_Lay\DATA_20150817075935093\20150817075935093@DVR-02_Ch1mp4.original1
G:\VisualWorks\groupings\aa44000\repaired\20150817082936000@DVR-02_Ch1.mp4=G:\VisualWorks\Projects\ExxonMobilFullFromStor\Cable_G2\Cable_Lay\DATA_20150817082936000\20150817082936000@DVR-02_Ch1mp4.original1
G:\VisualWorks\groupings\aa45000\repaired\20150817085936016@DVR-02_Ch1.mp4=G:\VisualWorks\Projects\ExxonMobilFullFromStor\Cable_G2\Cable_Lay\DATA_20150817085936016\20150817085936016@DVR-02_Ch1mp4.original1
G:\VisualWorks\groupings\aa45000\repaired\20150817092938062@DVR-02_Ch1.mp4=G:\VisualWorks\Projects\ExxonMobilFullFromStor\Cable_G2\Cable_Lay\DATA_20150817092938062\20150817092938062@DVR-02_Ch1mp4.original1
G:\VisualWorks\groupings\aa45000\repaired\20150817095939125@DVR-02_Ch1.mp4=G:\VisualWorks\Projects\ExxonMobilFullFromStor\Cable_G2\Cable_Lay\DATA_20150817095939125\20150817095939125@DVR-02_Ch1mp4.original1
G:\VisualWorks\groupings\aa45000\repaired\20150817102940015@DVR-02_Ch1.mp4=G:\VisualWorks\Projects\ExxonMobilFullFromStor\Cable_G2\Cable_Lay\DATA_20150817102940062\20150817102940015@DVR-02_Ch1mp4.original1
G:\VisualWorks\groupings\aa32000\repaired\20150817105941062@DVR-02_Ch1.mp4=G:\VisualWorks\Projects\ExxonMobilFullFromStor\Cable_G2\Cable_Lay\DATA_20150817105941062\20150817105941062@DVR-02_Ch1mp4.original1
G:\VisualWorks\groupings\aa44000\repaired\20150817113140453@DVR-02_Ch1.mp4=G:\VisualWorks\Projects\ExxonMobilFullFromStor\Cable_G2\Cable_Lay\DATA_20150817113140453\20150817113140453@DVR-02_Ch1mp4.original1
G:\VisualWorks\groupings\aa45000\repaired\20150817120140015@DVR-02_Ch1.mp4=G:\VisualWorks\Projects\ExxonMobilFullFromStor\Cable_G2\Cable_Lay\DATA_20150817120140015\20150817120140015@DVR-02_Ch1mp4.original1
G:\VisualWorks\groupings\aa43000\repaired\20150817123142000@DVR-02_Ch1.mp4=G:\VisualWorks\Projects\ExxonMobilFullFromStor\Cable_G2\Cable_Lay\DATA_20150817123142000\20150817123142000@DVR-02_Ch1mp4.original1
G:\VisualWorks\groupings\aa25000\repaired\20150817133128391@DVR-02_Ch1.mp4=G:\VisualWorks\Projects\ExxonMobilFullFromStor\Cable_G2\Cable_Lay\DATA_20150817133128391\20150817133128391@DVR-02_Ch1mp4.original1
G:\VisualWorks\groupings\aa46000\repaired\20150817153426281@DVR-02_Ch1.mp4=G:\VisualWorks\Projects\ExxonMobilFullFromStor\Cable_G2\Cable_Lay\DATA_20150817153426281\20150817153426281@DVR-02_Ch1mp4.original1
G:\VisualWorks\groupings\aa45000\repaired\20150819172642094@DVR-02_Ch1.mp4=G:\VisualWorks\Projects\ExxonMobilFullFromStor\Cable_G2\Cable_Lay\DATA_20150819172642094\20150819172642094@DVR-02_Ch1mp4.original1
G:\VisualWorks\groupings\aa25000\repaired\20150819175643125@DVR-02_Ch1.mp4=G:\VisualWorks\Projects\ExxonMobilFullFromStor\Cable_G2\Cable_Lay\DATA_20150819175643125\20150819175643125@DVR-02_Ch1mp4.original1
G:\VisualWorks\groupings\aa45000\repaired\20150815223144969@DVR-01_Ch1.mp4=G:\VisualWorks\Projects\ExxonMobilFullFromStor\Cable_G2\DNP\DATA_20150815223144969\20150815223144969@DVR-01_Ch1mp4.original1
G:\VisualWorks\groupings\aa38000\repaired\20150815230146078@DVR-01_Ch1.mp4=G:\VisualWorks\Projects\ExxonMobilFullFromStor\Cable_G2\DNP\DATA_20150815230146078\20150815230146078@DVR-01_Ch1mp4.original1
G:\VisualWorks\groupings\aa27000\repaired\20150815232802922@DVR-01_Ch1.mp4=G:\VisualWorks\Projects\ExxonMobilFullFromStor\Cable_G2\DNP\DATA_20150815232802922\20150815232802922@DVR-01_Ch1mp4.original1
G:\VisualWorks\groupings\aa47000\repaired\20150816052746703@DVR-02_Ch1.mp4=G:\VisualWorks\Projects\ExxonMobilFullFromStor\Cable_G2\DNP\DATA_20150816052746703\20150816052746703@DVR-02_Ch1mp4.original1
G:\VisualWorks\groupings\aa36000\repaired\20150816055747016@DVR-02_Ch1.mp4=G:\VisualWorks\Projects\ExxonMobilFullFromStor\Cable_G2\DNP\DATA_20150816055747016\20150816055747016@DVR-02_Ch1mp4.original1
G:\VisualWorks\groupings\aa13000\repaired\20150816062048844@DVR-02_Ch1.mp4=G:\VisualWorks\Projects\ExxonMobilFullFromStor\Cable_G2\DNP\DATA_20150816062048844\20150816062048844@DVR-02_Ch1mp4.original1
G:\VisualWorks\groupings\aa0\repaired\20150816062919563@DVR-02_Ch1.mp4=G:\VisualWorks\Projects\ExxonMobilFullFromStor\Cable_G2\DNP\DATA_20150816062919563\20150816062919563@DVR-02_Ch1mp4.original1
G:\VisualWorks\groupings\aa0\repaired\20150816062919594@DVR-01_Ch1.mp4=G:\VisualWorks\Projects\ExxonMobilFullFromStor\Cable_G2\DNP\DATA_20150816062919563\20150816062919594@DVR-01_Ch1mp4.original1
G:\VisualWorks\groupings\aa6000\repaired\20150816062951219@DVR-02_Ch1.mp4=G:\VisualWorks\Projects\ExxonMobilFullFromStor\Cable_G2\DNP\DATA_20150816062951219\20150816062951219@DVR-02_Ch1mp4.original1
G:\VisualWorks\groupings\aa7000\repaired\20150816062951250@DVR-01_Ch1.mp4=G:\VisualWorks\Projects\ExxonMobilFullFromStor\Cable_G2\DNP\DATA_20150816062951219\20150816062951250@DVR-01_Ch1mp4.original1
G:\VisualWorks\groupings\aa7000\repaired\20150816063414875@DVR-02_Ch1.mp4=G:\VisualWorks\Projects\ExxonMobilFullFromStor\Cable_G2\DNP\DATA_20150816063414875\20150816063414875@DVR-02_Ch1mp4.original1
G:\VisualWorks\groupings\aa47000\repaired\20150816063954391@DVR-02_Ch1.mp4=G:\VisualWorks\Projects\ExxonMobilFullFromStor\Cable_G2\DNP\DATA_20150816063954391\20150816063954391@DVR-02_Ch1mp4.original1
G:\VisualWorks\groupings\aa33000\repaired\20150816070954000@DVR-02_Ch1.mp4=G:\VisualWorks\Projects\ExxonMobilFullFromStor\Cable_G2\DNP\DATA_20150816070954000\20150816070954000@DVR-02_Ch1mp4.original1
G:\VisualWorks\groupings\aa8000\repaired\20150816073716110@DVR-02_Ch1.mp4=G:\VisualWorks\Projects\ExxonMobilFullFromStor\Cable_G2\DNP\DATA_20150816073716110\20150816073716110@DVR-02_Ch1mp4.original1
G:\VisualWorks\groupings\aa14000\repaired\20150816091907266@DVR-02_Ch1.mp4=G:\VisualWorks\Projects\ExxonMobilFullFromStor\Cable_G2\DNP\DATA_20150816091907266\20150816091907266@DVR-02_Ch1mp4.original1
G:\VisualWorks\groupings\aa47000\repaired\20150816165848219@DVR-02_Ch1.mp4=G:\VisualWorks\Projects\ExxonMobilFullFromStor\Cable_G2\DNP\DATA_20150816165848109\20150816165848219@DVR-02_Ch1mp4.original1
G:\VisualWorks\groupings\aa46000\repaired\20150816172849031@DVR-02_Ch1.mp4=G:\VisualWorks\Projects\ExxonMobilFullFromStor\Cable_G2\DNP\DATA_20150816172849031\20150816172849031@DVR-02_Ch1mp4.original1
G:\VisualWorks\groupings\aa17000\repaired\20150816175851000@DVR-02_Ch1.mp4=G:\VisualWorks\Projects\ExxonMobilFullFromStor\Cable_G2\DNP\DATA_20150816175851000\20150816175851000@DVR-02_Ch1mp4.original1
G:\VisualWorks\groupings\aa4000\repaired\20150816180951954@DVR-02_Ch1.mp4=G:\VisualWorks\Projects\ExxonMobilFullFromStor\Cable_G2\DNP\DATA_20150816180951954\20150816180951954@DVR-02_Ch1mp4.original1
G:\VisualWorks\groupings\aa46000\repaired\20150817014136219@DVR-02_Ch1.mp4=G:\VisualWorks\Projects\ExxonMobilFullFromStor\Cable_G2\DNP\DATA_20150817014136219\20150817014136219@DVR-02_Ch1mp4.original1
G:\VisualWorks\groupings\aa46000\repaired\20150817021136125@DVR-02_Ch1.mp4=G:\VisualWorks\Projects\ExxonMobilFullFromStor\Cable_G2\DNP\DATA_20150817021136125\20150817021136125@DVR-02_Ch1mp4.original1
G:\VisualWorks\groupings\aa44000\repaired\20150817024138016@DVR-02_Ch1.mp4=G:\VisualWorks\Projects\ExxonMobilFullFromStor\Cable_G2\DNP\DATA_20150817024138016\20150817024138016@DVR-02_Ch1mp4.original1
G:\VisualWorks\groupings\aa8000\repaired\20150817054040016@DVR-02_Ch1.mp4=G:\VisualWorks\Projects\ExxonMobilFullFromStor\Cable_G2\DNP\DATA_20150817054040016\20150817054040016@DVR-02_Ch1mp4.original1
G:\VisualWorks\groupings\aa20000\repaired\20150817054621843@DVR-02_Ch1.mp4=G:\VisualWorks\Projects\ExxonMobilFullFromStor\Cable_G2\DNP\DATA_20150817054621843\20150817054621843@DVR-02_Ch1mp4.original1
G:\VisualWorks\groupings\aa15000\repaired\20150817112105109@DVR-02_Ch1.mp4=G:\VisualWorks\Projects\ExxonMobilFullFromStor\Cable_G2\DNP\DATA_20150817112105109\20150817112105109@DVR-02_Ch1mp4.original1
G:\VisualWorks\groupings\aa44000\repaired\20150817130030281@DVR-02_Ch1.mp4=G:\VisualWorks\Projects\ExxonMobilFullFromStor\Cable_G2\DNP\DATA_20150817130030281\20150817130030281@DVR-02_Ch1mp4.original1
G:\VisualWorks\groupings\aa1000\repaired\20150817133032094@DVR-02_Ch1.mp4=G:\VisualWorks\Projects\ExxonMobilFullFromStor\Cable_G2\DNP\DATA_20150817133032094\20150817133032094@DVR-02_Ch1mp4.original1
G:\VisualWorks\groupings\aa44000\repaired\20150817134818140@DVR-02_Ch1.mp4=G:\VisualWorks\Projects\ExxonMobilFullFromStor\Cable_G2\DNP\DATA_20150817134818140\20150817134818140@DVR-02_Ch1mp4.original1
G:\VisualWorks\groupings\aa44000\repaired\20150817141819016@DVR-02_Ch1.mp4=G:\VisualWorks\Projects\ExxonMobilFullFromStor\Cable_G2\DNP\DATA_20150817141819016\20150817141819016@DVR-02_Ch1mp4.original1
G:\VisualWorks\groupings\aa45000\repaired\20150817144820015@DVR-02_Ch1.mp4=G:\VisualWorks\Projects\ExxonMobilFullFromStor\Cable_G2\DNP\DATA_20150817144820015\20150817144820015@DVR-02_Ch1mp4.original1
G:\VisualWorks\groupings\aa24000\repaired\20150817151821015@DVR-02_Ch1.mp4=G:\VisualWorks\Projects\ExxonMobilFullFromStor\Cable_G2\DNP\DATA_20150817151821015\20150817151821015@DVR-02_Ch1mp4.original1
G:\VisualWorks\groupings\aa45000\repaired\20150817160427016@DVR-02_Ch1.mp4=G:\VisualWorks\Projects\ExxonMobilFullFromStor\Cable_G2\DNP\DATA_20150817160427016\20150817160427016@DVR-02_Ch1mp4.original1
G:\VisualWorks\groupings\aa43000\repaired\20150817163428016@DVR-02_Ch1.mp4=G:\VisualWorks\Projects\ExxonMobilFullFromStor\Cable_G2\DNP\DATA_20150817163428016\20150817163428016@DVR-02_Ch1mp4.original1
G:\VisualWorks\groupings\aa44000\repaired\20150817170235968@DVR-02_Ch1.mp4=G:\VisualWorks\Projects\ExxonMobilFullFromStor\Cable_G2\DNP\DATA_20150817170235968\20150817170235968@DVR-02_Ch1mp4.original1
G:\VisualWorks\groupings\aa44000\repaired\20150817173236079@DVR-02_Ch1.mp4=G:\VisualWorks\Projects\ExxonMobilFullFromStor\Cable_G2\DNP\DATA_20150817173236079\20150817173236079@DVR-02_Ch1mp4.original1
G:\VisualWorks\groupings\aa44000\repaired\20150817180237015@DVR-02_Ch1.mp4=G:\VisualWorks\Projects\ExxonMobilFullFromStor\Cable_G2\DNP\DATA_20150817180237015\20150817180237015@DVR-02_Ch1mp4.original1
G:\VisualWorks\groupings\aa45000\repaired\20150817183238000@DVR-02_Ch1.mp4=G:\VisualWorks\Projects\ExxonMobilFullFromStor\Cable_G2\DNP\DATA_20150817183238000\20150817183238000@DVR-02_Ch1mp4.original1
G:\VisualWorks\groupings\aa44000\repaired\20150817190239078@DVR-02_Ch1.mp4=G:\VisualWorks\Projects\ExxonMobilFullFromStor\Cable_G2\DNP\DATA_20150817190239078\20150817190239078@DVR-02_Ch1mp4.original1
G:\VisualWorks\groupings\aa44000\repaired\20150817193240000@DVR-02_Ch1.mp4=G:\VisualWorks\Projects\ExxonMobilFullFromStor\Cable_G2\DNP\DATA_20150817193240000\20150817193240000@DVR-02_Ch1mp4.original1
G:\VisualWorks\groupings\aa44000\repaired\20150817200241000@DVR-02_Ch1.mp4=G:\VisualWorks\Projects\ExxonMobilFullFromStor\Cable_G2\DNP\DATA_20150817200241000\20150817200241000@DVR-02_Ch1mp4.original1
G:\VisualWorks\groupings\aa44000\repaired\20150817203242093@DVR-02_Ch1.mp4=G:\VisualWorks\Projects\ExxonMobilFullFromStor\Cable_G2\DNP\DATA_20150817203242093\20150817203242093@DVR-02_Ch1mp4.original1
G:\VisualWorks\groupings\aa44000\repaired\20150817210243063@DVR-02_Ch1.mp4=G:\VisualWorks\Projects\ExxonMobilFullFromStor\Cable_G2\DNP\DATA_20150817210243063\20150817210243063@DVR-02_Ch1mp4.original1
G:\VisualWorks\groupings\aa44000\repaired\20150817213244000@DVR-02_Ch1.mp4=G:\VisualWorks\Projects\ExxonMobilFullFromStor\Cable_G2\DNP\DATA_20150817213244000\20150817213244000@DVR-02_Ch1mp4.original1
G:\VisualWorks\groupings\aa44000\repaired\20150817220244937@DVR-02_Ch1.mp4=G:\VisualWorks\Projects\ExxonMobilFullFromStor\Cable_G2\DNP\DATA_20150817220244937\20150817220244937@DVR-02_Ch1mp4.original1
G:\VisualWorks\groupings\aa44000\repaired\20150817223245266@DVR-02_Ch1.mp4=G:\VisualWorks\Projects\ExxonMobilFullFromStor\Cable_G2\DNP\DATA_20150817223245125\20150817223245266@DVR-02_Ch1mp4.original1
G:\VisualWorks\groupings\aa44000\repaired\20150817230246079@DVR-02_Ch1.mp4=G:\VisualWorks\Projects\ExxonMobilFullFromStor\Cable_G2\DNP\DATA_20150817230246079\20150817230246079@DVR-02_Ch1mp4.original1
G:\VisualWorks\groupings\aa44000\repaired\20150817233247015@DVR-02_Ch1.mp4=G:\VisualWorks\Projects\ExxonMobilFullFromStor\Cable_G2\DNP\DATA_20150817233247015\20150817233247015@DVR-02_Ch1mp4.original1
G:\VisualWorks\groupings\aa44000\repaired\20150818000247906@DVR-02_Ch1.mp4=G:\VisualWorks\Projects\ExxonMobilFullFromStor\Cable_G2\DNP\DATA_20150818000247906\20150818000247906@DVR-02_Ch1mp4.original1
G:\VisualWorks\groupings\aa44000\repaired\20150818003249015@DVR-02_Ch1.mp4=G:\VisualWorks\Projects\ExxonMobilFullFromStor\Cable_G2\DNP\DATA_20150818003249015\20150818003249015@DVR-02_Ch1mp4.original1
G:\VisualWorks\groupings\aa44000\repaired\20150818010249953@DVR-02_Ch1.mp4=G:\VisualWorks\Projects\ExxonMobilFullFromStor\Cable_G2\DNP\DATA_20150818010249953\20150818010249953@DVR-02_Ch1mp4.original1
G:\VisualWorks\groupings\aa44000\repaired\20150818013250984@DVR-02_Ch1.mp4=G:\VisualWorks\Projects\ExxonMobilFullFromStor\Cable_G2\DNP\DATA_20150818013250984\20150818013250984@DVR-02_Ch1mp4.original1
G:\VisualWorks\groupings\aa44000\repaired\20150818020252078@DVR-02_Ch1.mp4=G:\VisualWorks\Projects\ExxonMobilFullFromStor\Cable_G2\DNP\DATA_20150818020252078\20150818020252078@DVR-02_Ch1mp4.original1
G:\VisualWorks\groupings\aa44000\repaired\20150818023253016@DVR-02_Ch1.mp4=G:\VisualWorks\Projects\ExxonMobilFullFromStor\Cable_G2\DNP\DATA_20150818023253016\20150818023253016@DVR-02_Ch1mp4.original1
G:\VisualWorks\groupings\aa44000\repaired\20150818030253938@DVR-02_Ch1.mp4=G:\VisualWorks\Projects\ExxonMobilFullFromStor\Cable_G2\DNP\DATA_20150818030253938\20150818030253938@DVR-02_Ch1mp4.original1
G:\VisualWorks\groupings\aa44000\repaired\20150818033255032@DVR-02_Ch1.mp4=G:\VisualWorks\Projects\ExxonMobilFullFromStor\Cable_G2\DNP\DATA_20150818033255032\20150818033255032@DVR-02_Ch1mp4.original1
G:\VisualWorks\groupings\aa21000\repaired\20150818040256094@DVR-02_Ch1.mp4=G:\VisualWorks\Projects\ExxonMobilFullFromStor\Cable_G2\DNP\DATA_20150818040256094\20150818040256094@DVR-02_Ch1mp4.original1
G:\VisualWorks\groupings\aa24000\repaired\20150818041722407@DVR-02_Ch1.mp4=G:\VisualWorks\Projects\ExxonMobilFullFromStor\Cable_G2\DNP\DATA_20150818041722407\20150818041722407@DVR-02_Ch1mp4.original1
G:\VisualWorks\groupings\aa45000\repaired\20150818043341734@DVR-02_Ch1.mp4=G:\VisualWorks\Projects\ExxonMobilFullFromStor\Cable_G2\DNP\DATA_20150818043341734\20150818043341734@DVR-02_Ch1mp4.original1
G:\VisualWorks\groupings\aa44000\repaired\20150818050342016@DVR-02_Ch1.mp4=G:\VisualWorks\Projects\ExxonMobilFullFromStor\Cable_G2\DNP\DATA_20150818050342016\20150818050342016@DVR-02_Ch1mp4.original1
G:\VisualWorks\groupings\aa45000\repaired\20150818053343016@DVR-02_Ch1.mp4=G:\VisualWorks\Projects\ExxonMobilFullFromStor\Cable_G2\DNP\DATA_20150818053343016\20150818053343016@DVR-02_Ch1mp4.original1
G:\VisualWorks\groupings\aa45000\repaired\20150818060344000@DVR-02_Ch1.mp4=G:\VisualWorks\Projects\ExxonMobilFullFromStor\Cable_G2\DNP\DATA_20150818060344000\20150818060344000@DVR-02_Ch1mp4.original1
G:\VisualWorks\groupings\aa45000\repaired\20150818063345000@DVR-02_Ch1.mp4=G:\VisualWorks\Projects\ExxonMobilFullFromStor\Cable_G2\DNP\DATA_20150818063345000\20150818063345000@DVR-02_Ch1mp4.original1
G:\VisualWorks\groupings\aa45000\repaired\20150818070346015@DVR-02_Ch1.mp4=G:\VisualWorks\Projects\ExxonMobilFullFromStor\Cable_G2\DNP\DATA_20150818070346015\20150818070346015@DVR-02_Ch1mp4.original1
G:\VisualWorks\groupings\aa44000\repaired\20150818073346094@DVR-02_Ch1.mp4=G:\VisualWorks\Projects\ExxonMobilFullFromStor\Cable_G2\DNP\DATA_20150818073346094\20150818073346094@DVR-02_Ch1mp4.original1
G:\VisualWorks\groupings\aa0\repaired\20150818080414640@DVR-02_Ch1.mp4=G:\VisualWorks\Projects\ExxonMobilFullFromStor\Cable_G2\DNP\DATA_20150818080414640\20150818080414640@DVR-02_Ch1mp4.original1
G:\VisualWorks\groupings\aa1000\repaired\20150818080501438@DVR-02_Ch1.mp4=G:\VisualWorks\Projects\ExxonMobilFullFromStor\Cable_G2\DNP\DATA_20150818080501438\20150818080501438@DVR-02_Ch1mp4.original1
G:\VisualWorks\groupings\aa13000\repaired\20150819164257359@DVR-02_Ch1.mp4=G:\VisualWorks\Projects\ExxonMobilFullFromStor\Cable_G2\DNP\DATA_20150819164257359\20150819164257359@DVR-02_Ch1mp4.original1
G:\VisualWorks\groupings\aa4000\repaired\20150819165134969@DVR-02_Ch1.mp4=G:\VisualWorks\Projects\ExxonMobilFullFromStor\Cable_G2\DNP\DATA_20150819165134969\20150819165134969@DVR-02_Ch1mp4.original1
G:\VisualWorks\groupings\aa6000\repaired\20150819165440735@DVR-02_Ch1.mp4=G:\VisualWorks\Projects\ExxonMobilFullFromStor\Cable_G2\DNP\DATA_20150819165440735\20150819165440735@DVR-02_Ch1mp4.original1
G:\VisualWorks\groupings\aa42000\repaired\20150819165841469@DVR-02_Ch1.mp4=G:\VisualWorks\Projects\ExxonMobilFullFromStor\Cable_G2\DNP\DATA_20150819165841469\20150819165841469@DVR-02_Ch1mp4.original1
G:\VisualWorks\groupings\aa9000\repaired\20150819181344578@DVR-02_Ch1.mp4=G:\VisualWorks\Projects\ExxonMobilFullFromStor\Cable_G2\DNP\DATA_20150819181344578\20150819181344578@DVR-02_Ch1mp4.original1
G:\VisualWorks\groupings\aa45000\repaired\20150819215334063@DVR-02_Ch1.mp4=G:\VisualWorks\Projects\ExxonMobilFullFromStor\Cable_G2\Free_Span_Inspection\DATA_20150819215334063\20150819215334063@DVR-02_Ch1mp4.original1
G:\VisualWorks\groupings\aa13000\repaired\20150819222335016@DVR-02_Ch1.mp4=G:\VisualWorks\Projects\ExxonMobilFullFromStor\Cable_G2\Free_Span_Inspection\DATA_20150819222335016\20150819222335016@DVR-02_Ch1mp4.original1
G:\VisualWorks\groupings\aa8000\repaired\20150815234555687@DVR-01_Ch1.mp4=G:\VisualWorks\Projects\ExxonMobilFullFromStor\Cable_G2\G2_Cable_Pull_In_HARMONY\DATA_20150815234555687\20150815234555687@DVR-01_Ch1mp4.original1
G:\VisualWorks\groupings\aa45000\repaired\20150815235147734@DVR-01_Ch1.mp4=G:\VisualWorks\Projects\ExxonMobilFullFromStor\Cable_G2\G2_Cable_Pull_In_HARMONY\DATA_20150815235147734\20150815235147734@DVR-01_Ch1mp4.original1
G:\VisualWorks\groupings\aa45000\repaired\20150816002148016@DVR-01_Ch1.mp4=G:\VisualWorks\Projects\ExxonMobilFullFromStor\Cable_G2\G2_Cable_Pull_In_HARMONY\DATA_20150816002148016\20150816002148016@DVR-01_Ch1mp4.original1
G:\VisualWorks\groupings\aa46000\repaired\20150816005149015@DVR-01_Ch1.mp4=G:\VisualWorks\Projects\ExxonMobilFullFromStor\Cable_G2\G2_Cable_Pull_In_HARMONY\DATA_20150816005149015\20150816005149015@DVR-01_Ch1mp4.original1
G:\VisualWorks\groupings\aa46000\repaired\20150816012150016@DVR-01_Ch1.mp4=G:\VisualWorks\Projects\ExxonMobilFullFromStor\Cable_G2\G2_Cable_Pull_In_HARMONY\DATA_20150816012150016\20150816012150016@DVR-01_Ch1mp4.original1
G:\VisualWorks\groupings\aa47000\repaired\20150816015151078@DVR-01_Ch1.mp4=G:\VisualWorks\Projects\ExxonMobilFullFromStor\Cable_G2\G2_Cable_Pull_In_HARMONY\DATA_20150816015151078\20150816015151078@DVR-01_Ch1mp4.original1
G:\VisualWorks\groupings\aa45000\repaired\20150816022152062@DVR-01_Ch1.mp4=G:\VisualWorks\Projects\ExxonMobilFullFromStor\Cable_G2\G2_Cable_Pull_In_HARMONY\DATA_20150816022152062\20150816022152062@DVR-01_Ch1mp4.original1
G:\VisualWorks\groupings\aa45000\repaired\20150816025153016@DVR-01_Ch1.mp4=G:\VisualWorks\Projects\ExxonMobilFullFromStor\Cable_G2\G2_Cable_Pull_In_HARMONY\DATA_20150816025153016\20150816025153016@DVR-01_Ch1mp4.original1
G:\VisualWorks\groupings\aa38000\repaired\20150816032154015@DVR-01_Ch1.mp4=G:\VisualWorks\Projects\ExxonMobilFullFromStor\Cable_G2\G2_Cable_Pull_In_HARMONY\DATA_20150816032154015\20150816032154015@DVR-01_Ch1mp4.original1
G:\VisualWorks\groupings\aa45000\repaired\20150818142100812@DVR-02_Ch1.mp4=G:\VisualWorks\Projects\ExxonMobilFullFromStor\Cable_G2\G2_Cable_Pull_In_HERITAGE\DATA_20150818142100812\20150818142100812@DVR-02_Ch1mp4.original1
G:\VisualWorks\groupings\aa45000\repaired\20150818145100938@DVR-02_Ch1.mp4=G:\VisualWorks\Projects\ExxonMobilFullFromStor\Cable_G2\G2_Cable_Pull_In_HERITAGE\DATA_20150818145100938\20150818145100938@DVR-02_Ch1mp4.original1
G:\VisualWorks\groupings\aa45000\repaired\20150818152102078@DVR-02_Ch1.mp4=G:\VisualWorks\Projects\ExxonMobilFullFromStor\Cable_G2\G2_Cable_Pull_In_HERITAGE\DATA_20150818152102078\20150818152102078@DVR-02_Ch1mp4.original1
G:\VisualWorks\groupings\aa44000\repaired\20150818155103000@DVR-02_Ch1.mp4=G:\VisualWorks\Projects\ExxonMobilFullFromStor\Cable_G2\G2_Cable_Pull_In_HERITAGE\DATA_20150818155103000\20150818155103000@DVR-02_Ch1mp4.original1
G:\VisualWorks\groupings\aa45000\repaired\20150818162104063@DVR-02_Ch1.mp4=G:\VisualWorks\Projects\ExxonMobilFullFromStor\Cable_G2\G2_Cable_Pull_In_HERITAGE\DATA_20150818162104063\20150818162104063@DVR-02_Ch1mp4.original1
G:\VisualWorks\groupings\aa44000\repaired\20150818165105078@DVR-02_Ch1.mp4=G:\VisualWorks\Projects\ExxonMobilFullFromStor\Cable_G2\G2_Cable_Pull_In_HERITAGE\DATA_20150818165105078\20150818165105078@DVR-02_Ch1mp4.original1
G:\VisualWorks\groupings\aa45000\repaired\20150818172106031@DVR-02_Ch1.mp4=G:\VisualWorks\Projects\ExxonMobilFullFromStor\Cable_G2\G2_Cable_Pull_In_HERITAGE\DATA_20150818172106031\20150818172106031@DVR-02_Ch1mp4.original1
G:\VisualWorks\groupings\aa9000\repaired\20150818175106906@DVR-02_Ch1.mp4=G:\VisualWorks\Projects\ExxonMobilFullFromStor\Cable_G2\G2_Cable_Pull_In_HERITAGE\DATA_20150818175106906\20150818175106906@DVR-02_Ch1mp4.original1
G:\VisualWorks\groupings\aa44000\repaired\20150818212646906@DVR-01_Ch1.mp4=G:\VisualWorks\Projects\ExxonMobilFullFromStor\Cable_G2\G2_Cable_Pull_In_HERITAGE\DATA_20150818212646906\20150818212646906@DVR-01_Ch1mp4.original1
G:\VisualWorks\groupings\aa45000\repaired\20150818215647079@DVR-01_Ch1.mp4=G:\VisualWorks\Projects\ExxonMobilFullFromStor\Cable_G2\G2_Cable_Pull_In_HERITAGE\DATA_20150818215647079\20150818215647079@DVR-01_Ch1mp4.original1
G:\VisualWorks\groupings\aa44000\repaired\20150818222648078@DVR-01_Ch1.mp4=G:\VisualWorks\Projects\ExxonMobilFullFromStor\Cable_G2\G2_Cable_Pull_In_HERITAGE\DATA_20150818222648078\20150818222648078@DVR-01_Ch1mp4.original1
G:\VisualWorks\groupings\aa44000\repaired\20150818225649000@DVR-01_Ch1.mp4=G:\VisualWorks\Projects\ExxonMobilFullFromStor\Cable_G2\G2_Cable_Pull_In_HERITAGE\DATA_20150818225649000\20150818225649000@DVR-01_Ch1mp4.original1
G:\VisualWorks\groupings\aa44000\repaired\20150818232650062@DVR-01_Ch1.mp4=G:\VisualWorks\Projects\ExxonMobilFullFromStor\Cable_G2\G2_Cable_Pull_In_HERITAGE\DATA_20150818232650062\20150818232650062@DVR-01_Ch1mp4.original1
G:\VisualWorks\groupings\aa44000\repaired\20150818235651000@DVR-01_Ch1.mp4=G:\VisualWorks\Projects\ExxonMobilFullFromStor\Cable_G2\G2_Cable_Pull_In_HERITAGE\DATA_20150818235651000\20150818235651000@DVR-01_Ch1mp4.original1
G:\VisualWorks\groupings\aa45000\repaired\20150819002652000@DVR-01_Ch1.mp4=G:\VisualWorks\Projects\ExxonMobilFullFromStor\Cable_G2\G2_Cable_Pull_In_HERITAGE\DATA_20150819002652000\20150819002652000@DVR-01_Ch1mp4.original1
G:\VisualWorks\groupings\aa44000\repaired\20150819005653125@DVR-01_Ch1.mp4=G:\VisualWorks\Projects\ExxonMobilFullFromStor\Cable_G2\G2_Cable_Pull_In_HERITAGE\DATA_20150819005653125\20150819005653125@DVR-01_Ch1mp4.original1
G:\VisualWorks\groupings\aa44000\repaired\20150819012654110@DVR-01_Ch1.mp4=G:\VisualWorks\Projects\ExxonMobilFullFromStor\Cable_G2\G2_Cable_Pull_In_HERITAGE\DATA_20150819012654110\20150819012654110@DVR-01_Ch1mp4.original1
G:\VisualWorks\groupings\aa44000\repaired\20150819015655063@DVR-01_Ch1.mp4=G:\VisualWorks\Projects\ExxonMobilFullFromStor\Cable_G2\G2_Cable_Pull_In_HERITAGE\DATA_20150819015655063\20150819015655063@DVR-01_Ch1mp4.original1
G:\VisualWorks\groupings\aa45000\repaired\20150819022656015@DVR-01_Ch1.mp4=G:\VisualWorks\Projects\ExxonMobilFullFromStor\Cable_G2\G2_Cable_Pull_In_HERITAGE\DATA_20150819022656015\20150819022656015@DVR-01_Ch1mp4.original1
G:\VisualWorks\groupings\aa45000\repaired\20150819025656984@DVR-01_Ch1.mp4=G:\VisualWorks\Projects\ExxonMobilFullFromStor\Cable_G2\G2_Cable_Pull_In_HERITAGE\DATA_20150819025656984\20150819025656984@DVR-01_Ch1mp4.original1
G:\VisualWorks\groupings\aa45000\repaired\20150819032657938@DVR-01_Ch1.mp4=G:\VisualWorks\Projects\ExxonMobilFullFromStor\Cable_G2\G2_Cable_Pull_In_HERITAGE\DATA_20150819032657938\20150819032657938@DVR-01_Ch1mp4.original1
G:\VisualWorks\groupings\aa44000\repaired\20150819035659079@DVR-01_Ch1.mp4=G:\VisualWorks\Projects\ExxonMobilFullFromStor\Cable_G2\G2_Cable_Pull_In_HERITAGE\DATA_20150819035659079\20150819035659079@DVR-01_Ch1mp4.original1
G:\VisualWorks\groupings\aa45000\repaired\20150819042700078@DVR-01_Ch1.mp4=G:\VisualWorks\Projects\ExxonMobilFullFromStor\Cable_G2\G2_Cable_Pull_In_HERITAGE\DATA_20150819042700078\20150819042700078@DVR-01_Ch1mp4.original1
G:\VisualWorks\groupings\aa45000\repaired\20150819045701109@DVR-01_Ch1.mp4=G:\VisualWorks\Projects\ExxonMobilFullFromStor\Cable_G2\G2_Cable_Pull_In_HERITAGE\DATA_20150819045701109\20150819045701109@DVR-01_Ch1mp4.original1
G:\VisualWorks\groupings\aa45000\repaired\20150819052702016@DVR-01_Ch1.mp4=G:\VisualWorks\Projects\ExxonMobilFullFromStor\Cable_G2\G2_Cable_Pull_In_HERITAGE\DATA_20150819052702016\20150819052702016@DVR-01_Ch1mp4.original1
G:\VisualWorks\groupings\aa45000\repaired\20150819055703063@DVR-01_Ch1.mp4=G:\VisualWorks\Projects\ExxonMobilFullFromStor\Cable_G2\G2_Cable_Pull_In_HERITAGE\DATA_20150819055703063\20150819055703063@DVR-01_Ch1mp4.original1
G:\VisualWorks\groupings\aa44000\repaired\20150819062704000@DVR-01_Ch1.mp4=G:\VisualWorks\Projects\ExxonMobilFullFromStor\Cable_G2\G2_Cable_Pull_In_HERITAGE\DATA_20150819062704000\20150819062704000@DVR-01_Ch1mp4.original1
G:\VisualWorks\groupings\aa44000\repaired\20150819065704906@DVR-01_Ch1.mp4=G:\VisualWorks\Projects\ExxonMobilFullFromStor\Cable_G2\G2_Cable_Pull_In_HERITAGE\DATA_20150819065704906\20150819065704906@DVR-01_Ch1mp4.original1
G:\VisualWorks\groupings\aa46000\repaired\20150819072705906@DVR-01_Ch1.mp4=G:\VisualWorks\Projects\ExxonMobilFullFromStor\Cable_G2\G2_Cable_Pull_In_HERITAGE\DATA_20150819072705906\20150819072705906@DVR-01_Ch1mp4.original1
G:\VisualWorks\groupings\aa47000\repaired\20150819075707078@DVR-01_Ch1.mp4=G:\VisualWorks\Projects\ExxonMobilFullFromStor\Cable_G2\G2_Cable_Pull_In_HERITAGE\DATA_20150819075707078\20150819075707078@DVR-01_Ch1mp4.original1
G:\VisualWorks\groupings\aa47000\repaired\20150819082708000@DVR-01_Ch1.mp4=G:\VisualWorks\Projects\ExxonMobilFullFromStor\Cable_G2\G2_Cable_Pull_In_HERITAGE\DATA_20150819082708000\20150819082708000@DVR-01_Ch1mp4.original1
G:\VisualWorks\groupings\aa47000\repaired\20150819085709016@DVR-01_Ch1.mp4=G:\VisualWorks\Projects\ExxonMobilFullFromStor\Cable_G2\G2_Cable_Pull_In_HERITAGE\DATA_20150819085709016\20150819085709016@DVR-01_Ch1mp4.original1
G:\VisualWorks\groupings\aa46000\repaired\20150819092710093@DVR-01_Ch1.mp4=G:\VisualWorks\Projects\ExxonMobilFullFromStor\Cable_G2\G2_Cable_Pull_In_HERITAGE\DATA_20150819092710093\20150819092710093@DVR-01_Ch1mp4.original1
G:\VisualWorks\groupings\aa47000\repaired\20150819095711078@DVR-01_Ch1.mp4=G:\VisualWorks\Projects\ExxonMobilFullFromStor\Cable_G2\G2_Cable_Pull_In_HERITAGE\DATA_20150819095711078\20150819095711078@DVR-01_Ch1mp4.original1
G:\VisualWorks\groupings\aa46000\repaired\20150819102712015@DVR-01_Ch1.mp4=G:\VisualWorks\Projects\ExxonMobilFullFromStor\Cable_G2\G2_Cable_Pull_In_HERITAGE\DATA_20150819102712015\20150819102712015@DVR-01_Ch1mp4.original1
G:\VisualWorks\groupings\aa45000\repaired\20150819105713094@DVR-01_Ch1.mp4=G:\VisualWorks\Projects\ExxonMobilFullFromStor\Cable_G2\G2_Cable_Pull_In_HERITAGE\DATA_20150819105713094\20150819105713094@DVR-01_Ch1mp4.original1
G:\VisualWorks\groupings\aa44000\repaired\20150819112714078@DVR-01_Ch1.mp4=G:\VisualWorks\Projects\ExxonMobilFullFromStor\Cable_G2\G2_Cable_Pull_In_HERITAGE\DATA_20150819112714078\20150819112714078@DVR-01_Ch1mp4.original1
G:\VisualWorks\groupings\aa45000\repaired\20150819115715000@DVR-01_Ch1.mp4=G:\VisualWorks\Projects\ExxonMobilFullFromStor\Cable_G2\G2_Cable_Pull_In_HERITAGE\DATA_20150819115715000\20150819115715000@DVR-01_Ch1mp4.original1
G:\VisualWorks\groupings\aa45000\repaired\20150819122715890@DVR-01_Ch1.mp4=G:\VisualWorks\Projects\ExxonMobilFullFromStor\Cable_G2\G2_Cable_Pull_In_HERITAGE\DATA_20150819122715890\20150819122715890@DVR-01_Ch1mp4.original1
G:\VisualWorks\groupings\aa45000\repaired\20150819125717078@DVR-01_Ch1.mp4=G:\VisualWorks\Projects\ExxonMobilFullFromStor\Cable_G2\G2_Cable_Pull_In_HERITAGE\DATA_20150819125717078\20150819125717078@DVR-01_Ch1mp4.original1
G:\VisualWorks\groupings\aa11000\repaired\20150819132718016@DVR-01_Ch1.mp4=G:\VisualWorks\Projects\ExxonMobilFullFromStor\Cable_G2\G2_Cable_Pull_In_HERITAGE\DATA_20150819132718016\20150819132718016@DVR-01_Ch1mp4.original1
G:\VisualWorks\groupings\aa0\repaired\20150819133503844@DVR-01_Ch1.mp4=G:\VisualWorks\Projects\ExxonMobilFullFromStor\Cable_G2\G2_Cable_Pull_In_HERITAGE\DATA_20150819133503844\20150819133503844@DVR-01_Ch1mp4.original1
G:\VisualWorks\groupings\aa45000\repaired\20150819133540891@DVR-01_Ch1.mp4=G:\VisualWorks\Projects\ExxonMobilFullFromStor\Cable_G2\G2_Cable_Pull_In_HERITAGE\DATA_20150819133540844\20150819133540891@DVR-01_Ch1mp4.original1
G:\VisualWorks\groupings\aa15000\repaired\20150819140541031@DVR-01_Ch1.mp4=G:\VisualWorks\Projects\ExxonMobilFullFromStor\Cable_G2\G2_Cable_Pull_In_HERITAGE\DATA_20150819140541031\20150819140541031@DVR-01_Ch1mp4.original1
G:\VisualWorks\groupings\aa44000\repaired\20150817170235968@DVR-02_Ch1.mp4=G:\VisualWorks\Projects\ExxonMobilFullFromStor\Cable_G2\G2_Preparation_for_Pull_In_HERITAGE\DATA_20150817170235968\20150817170235968@DVR-02_Ch1mp4.original1
G:\VisualWorks\groupings\aa44000\repaired\20150817173236079@DVR-02_Ch1.mp4=G:\VisualWorks\Projects\ExxonMobilFullFromStor\Cable_G2\G2_Preparation_for_Pull_In_HERITAGE\DATA_20150817173236079\20150817173236079@DVR-02_Ch1mp4.original1
G:\VisualWorks\groupings\aa44000\repaired\20150817180237015@DVR-02_Ch1.mp4=G:\VisualWorks\Projects\ExxonMobilFullFromStor\Cable_G2\G2_Preparation_for_Pull_In_HERITAGE\DATA_20150817180237015\20150817180237015@DVR-02_Ch1mp4.original1
G:\VisualWorks\groupings\aa45000\repaired\20150817183238000@DVR-02_Ch1.mp4=G:\VisualWorks\Projects\ExxonMobilFullFromStor\Cable_G2\G2_Preparation_for_Pull_In_HERITAGE\DATA_20150817183238000\20150817183238000@DVR-02_Ch1mp4.original1
G:\VisualWorks\groupings\aa44000\repaired\20150817190239078@DVR-02_Ch1.mp4=G:\VisualWorks\Projects\ExxonMobilFullFromStor\Cable_G2\G2_Preparation_for_Pull_In_HERITAGE\DATA_20150817190239078\20150817190239078@DVR-02_Ch1mp4.original1
G:\VisualWorks\groupings\aa44000\repaired\20150817193240000@DVR-02_Ch1.mp4=G:\VisualWorks\Projects\ExxonMobilFullFromStor\Cable_G2\G2_Preparation_for_Pull_In_HERITAGE\DATA_20150817193240000\20150817193240000@DVR-02_Ch1mp4.original1
G:\VisualWorks\groupings\aa44000\repaired\20150817200241000@DVR-02_Ch1.mp4=G:\VisualWorks\Projects\ExxonMobilFullFromStor\Cable_G2\G2_Preparation_for_Pull_In_HERITAGE\DATA_20150817200241000\20150817200241000@DVR-02_Ch1mp4.original1
G:\VisualWorks\groupings\aa44000\repaired\20150817203242093@DVR-02_Ch1.mp4=G:\VisualWorks\Projects\ExxonMobilFullFromStor\Cable_G2\G2_Preparation_for_Pull_In_HERITAGE\DATA_20150817203242093\20150817203242093@DVR-02_Ch1mp4.original1
G:\VisualWorks\groupings\aa44000\repaired\20150817210243063@DVR-02_Ch1.mp4=G:\VisualWorks\Projects\ExxonMobilFullFromStor\Cable_G2\G2_Preparation_for_Pull_In_HERITAGE\DATA_20150817210243063\20150817210243063@DVR-02_Ch1mp4.original1
G:\VisualWorks\groupings\aa44000\repaired\20150817213244000@DVR-02_Ch1.mp4=G:\VisualWorks\Projects\ExxonMobilFullFromStor\Cable_G2\G2_Preparation_for_Pull_In_HERITAGE\DATA_20150817213244000\20150817213244000@DVR-02_Ch1mp4.original1
G:\VisualWorks\groupings\aa44000\repaired\20150817220244937@DVR-02_Ch1.mp4=G:\VisualWorks\Projects\ExxonMobilFullFromStor\Cable_G2\G2_Preparation_for_Pull_In_HERITAGE\DATA_20150817220244937\20150817220244937@DVR-02_Ch1mp4.original1
G:\VisualWorks\groupings\aa44000\repaired\20150817223245266@DVR-02_Ch1.mp4=G:\VisualWorks\Projects\ExxonMobilFullFromStor\Cable_G2\G2_Preparation_for_Pull_In_HERITAGE\DATA_20150817223245125\20150817223245266@DVR-02_Ch1mp4.original1
G:\VisualWorks\groupings\aa44000\repaired\20150817230246079@DVR-02_Ch1.mp4=G:\VisualWorks\Projects\ExxonMobilFullFromStor\Cable_G2\G2_Preparation_for_Pull_In_HERITAGE\DATA_20150817230246079\20150817230246079@DVR-02_Ch1mp4.original1
G:\VisualWorks\groupings\aa44000\repaired\20150817233247015@DVR-02_Ch1.mp4=G:\VisualWorks\Projects\ExxonMobilFullFromStor\Cable_G2\G2_Preparation_for_Pull_In_HERITAGE\DATA_20150817233247015\20150817233247015@DVR-02_Ch1mp4.original1
G:\VisualWorks\groupings\aa44000\repaired\20150818000247906@DVR-02_Ch1.mp4=G:\VisualWorks\Projects\ExxonMobilFullFromStor\Cable_G2\G2_Preparation_for_Pull_In_HERITAGE\DATA_20150818000247906\20150818000247906@DVR-02_Ch1mp4.original1
G:\VisualWorks\groupings\aa44000\repaired\20150818003249015@DVR-02_Ch1.mp4=G:\VisualWorks\Projects\ExxonMobilFullFromStor\Cable_G2\G2_Preparation_for_Pull_In_HERITAGE\DATA_20150818003249015\20150818003249015@DVR-02_Ch1mp4.original1
G:\VisualWorks\groupings\aa44000\repaired\20150818010249953@DVR-02_Ch1.mp4=G:\VisualWorks\Projects\ExxonMobilFullFromStor\Cable_G2\G2_Preparation_for_Pull_In_HERITAGE\DATA_20150818010249953\20150818010249953@DVR-02_Ch1mp4.original1
G:\VisualWorks\groupings\aa44000\repaired\20150818013250984@DVR-02_Ch1.mp4=G:\VisualWorks\Projects\ExxonMobilFullFromStor\Cable_G2\G2_Preparation_for_Pull_In_HERITAGE\DATA_20150818013250984\20150818013250984@DVR-02_Ch1mp4.original1
G:\VisualWorks\groupings\aa44000\repaired\20150818020252078@DVR-02_Ch1.mp4=G:\VisualWorks\Projects\ExxonMobilFullFromStor\Cable_G2\G2_Preparation_for_Pull_In_HERITAGE\DATA_20150818020252078\20150818020252078@DVR-02_Ch1mp4.original1
G:\VisualWorks\groupings\aa44000\repaired\20150818023253016@DVR-02_Ch1.mp4=G:\VisualWorks\Projects\ExxonMobilFullFromStor\Cable_G2\G2_Preparation_for_Pull_In_HERITAGE\DATA_20150818023253016\20150818023253016@DVR-02_Ch1mp4.original1
G:\VisualWorks\groupings\aa44000\repaired\20150818030253938@DVR-02_Ch1.mp4=G:\VisualWorks\Projects\ExxonMobilFullFromStor\Cable_G2\G2_Preparation_for_Pull_In_HERITAGE\DATA_20150818030253938\20150818030253938@DVR-02_Ch1mp4.original1
G:\VisualWorks\groupings\aa44000\repaired\20150818033255032@DVR-02_Ch1.mp4=G:\VisualWorks\Projects\ExxonMobilFullFromStor\Cable_G2\G2_Preparation_for_Pull_In_HERITAGE\DATA_20150818033255032\20150818033255032@DVR-02_Ch1mp4.original1
G:\VisualWorks\groupings\aa21000\repaired\20150818040256094@DVR-02_Ch1.mp4=G:\VisualWorks\Projects\ExxonMobilFullFromStor\Cable_G2\G2_Preparation_for_Pull_In_HERITAGE\DATA_20150818040256094\20150818040256094@DVR-02_Ch1mp4.original1
G:\VisualWorks\groupings\aa24000\repaired\20150818041722407@DVR-02_Ch1.mp4=G:\VisualWorks\Projects\ExxonMobilFullFromStor\Cable_G2\G2_Preparation_for_Pull_In_HERITAGE\DATA_20150818041722407\20150818041722407@DVR-02_Ch1mp4.original1
G:\VisualWorks\groupings\aa45000\repaired\20150818043341734@DVR-02_Ch1.mp4=G:\VisualWorks\Projects\ExxonMobilFullFromStor\Cable_G2\G2_Preparation_for_Pull_In_HERITAGE\DATA_20150818043341734\20150818043341734@DVR-02_Ch1mp4.original1
G:\VisualWorks\groupings\aa44000\repaired\20150818050342016@DVR-02_Ch1.mp4=G:\VisualWorks\Projects\ExxonMobilFullFromStor\Cable_G2\G2_Preparation_for_Pull_In_HERITAGE\DATA_20150818050342016\20150818050342016@DVR-02_Ch1mp4.original1
G:\VisualWorks\groupings\aa45000\repaired\20150818053343016@DVR-02_Ch1.mp4=G:\VisualWorks\Projects\ExxonMobilFullFromStor\Cable_G2\G2_Preparation_for_Pull_In_HERITAGE\DATA_20150818053343016\20150818053343016@DVR-02_Ch1mp4.original1
G:\VisualWorks\groupings\aa45000\repaired\20150818060344000@DVR-02_Ch1.mp4=G:\VisualWorks\Projects\ExxonMobilFullFromStor\Cable_G2\G2_Preparation_for_Pull_In_HERITAGE\DATA_20150818060344000\20150818060344000@DVR-02_Ch1mp4.original1
G:\VisualWorks\groupings\aa45000\repaired\20150818063345000@DVR-02_Ch1.mp4=G:\VisualWorks\Projects\ExxonMobilFullFromStor\Cable_G2\G2_Preparation_for_Pull_In_HERITAGE\DATA_20150818063345000\20150818063345000@DVR-02_Ch1mp4.original1
G:\VisualWorks\groupings\aa45000\repaired\20150818070346015@DVR-02_Ch1.mp4=G:\VisualWorks\Projects\ExxonMobilFullFromStor\Cable_G2\G2_Preparation_for_Pull_In_HERITAGE\DATA_20150818070346015\20150818070346015@DVR-02_Ch1mp4.original1
G:\VisualWorks\groupings\aa45000\repaired\20150818080640344@DVR-02_Ch1.mp4=G:\VisualWorks\Projects\ExxonMobilFullFromStor\Cable_G2\G2_Preparation_for_Pull_In_HERITAGE\DATA_20150818080640344\20150818080640344@DVR-02_Ch1mp4.original1
G:\VisualWorks\groupings\aa46000\repaired\20150818083641015@DVR-02_Ch1.mp4=G:\VisualWorks\Projects\ExxonMobilFullFromStor\Cable_G2\G2_Preparation_for_Pull_In_HERITAGE\DATA_20150818083641015\20150818083641015@DVR-02_Ch1mp4.original1
G:\VisualWorks\groupings\aa45000\repaired\20150818090642062@DVR-02_Ch1.mp4=G:\VisualWorks\Projects\ExxonMobilFullFromStor\Cable_G2\G2_Preparation_for_Pull_In_HERITAGE\DATA_20150818090642062\20150818090642062@DVR-02_Ch1mp4.original1
G:\VisualWorks\groupings\aa45000\repaired\20150818093643016@DVR-02_Ch1.mp4=G:\VisualWorks\Projects\ExxonMobilFullFromStor\Cable_G2\G2_Preparation_for_Pull_In_HERITAGE\DATA_20150818093643016\20150818093643016@DVR-02_Ch1mp4.original1
G:\VisualWorks\groupings\aa45000\repaired\20150818100644047@DVR-02_Ch1.mp4=G:\VisualWorks\Projects\ExxonMobilFullFromStor\Cable_G2\G2_Preparation_for_Pull_In_HERITAGE\DATA_20150818100644047\20150818100644047@DVR-02_Ch1mp4.original1
G:\VisualWorks\groupings\aa45000\repaired\20150818103645016@DVR-02_Ch1.mp4=G:\VisualWorks\Projects\ExxonMobilFullFromStor\Cable_G2\G2_Preparation_for_Pull_In_HERITAGE\DATA_20150818103645016\20150818103645016@DVR-02_Ch1mp4.original1
G:\VisualWorks\groupings\aa45000\repaired\20150818110646078@DVR-02_Ch1.mp4=G:\VisualWorks\Projects\ExxonMobilFullFromStor\Cable_G2\G2_Preparation_for_Pull_In_HERITAGE\DATA_20150818110646078\20150818110646078@DVR-02_Ch1mp4.original1
G:\VisualWorks\groupings\aa45000\repaired\20150818113647015@DVR-02_Ch1.mp4=G:\VisualWorks\Projects\ExxonMobilFullFromStor\Cable_G2\G2_Preparation_for_Pull_In_HERITAGE\DATA_20150818113647015\20150818113647015@DVR-02_Ch1mp4.original1
G:\VisualWorks\groupings\aa45000\repaired\20150818120648015@DVR-02_Ch1.mp4=G:\VisualWorks\Projects\ExxonMobilFullFromStor\Cable_G2\G2_Preparation_for_Pull_In_HERITAGE\DATA_20150818120648015\20150818120648015@DVR-02_Ch1mp4.original1
G:\VisualWorks\groupings\aa45000\repaired\20150818123649016@DVR-02_Ch1.mp4=G:\VisualWorks\Projects\ExxonMobilFullFromStor\Cable_G2\G2_Preparation_for_Pull_In_HERITAGE\DATA_20150818123649016\20150818123649016@DVR-02_Ch1mp4.original1
G:\VisualWorks\groupings\aa45000\repaired\20150818130650000@DVR-02_Ch1.mp4=G:\VisualWorks\Projects\ExxonMobilFullFromStor\Cable_G2\G2_Preparation_for_Pull_In_HERITAGE\DATA_20150818130650000\20150818130650000@DVR-02_Ch1mp4.original1
G:\VisualWorks\groupings\aa45000\repaired\20150818133649172@DVR-02_Ch1.mp4=G:\VisualWorks\Projects\ExxonMobilFullFromStor\Cable_G2\G2_Preparation_for_Pull_In_HERITAGE\DATA_20150818133649031\20150818133649172@DVR-02_Ch1mp4.original1
G:\VisualWorks\groupings\aa21000\repaired\20150818140650219@DVR-02_Ch1.mp4=G:\VisualWorks\Projects\ExxonMobilFullFromStor\Cable_G2\G2_Preparation_for_Pull_In_HERITAGE\DATA_20150818140650110\20150818140650219@DVR-02_Ch1mp4.original1
G:\VisualWorks\groupings\aa47000\repaired\20150816052746703@DVR-02_Ch1.mp4=G:\VisualWorks\Projects\ExxonMobilFullFromStor\Cable_G2\GVI\DATA_20150816052746703\20150816052746703@DVR-02_Ch1mp4.original1
G:\VisualWorks\groupings\aa36000\repaired\20150816055747016@DVR-02_Ch1.mp4=G:\VisualWorks\Projects\ExxonMobilFullFromStor\Cable_G2\GVI\DATA_20150816055747016\20150816055747016@DVR-02_Ch1mp4.original1
G:\VisualWorks\groupings\aa13000\repaired\20150816062048844@DVR-02_Ch1.mp4=G:\VisualWorks\Projects\ExxonMobilFullFromStor\Cable_G2\GVI\DATA_20150816062048844\20150816062048844@DVR-02_Ch1mp4.original1
G:\VisualWorks\groupings\aa7000\repaired\20150816063414875@DVR-02_Ch1.mp4=G:\VisualWorks\Projects\ExxonMobilFullFromStor\Cable_G2\GVI\DATA_20150816063414875\20150816063414875@DVR-02_Ch1mp4.original1
G:\VisualWorks\groupings\aa47000\repaired\20150816063954391@DVR-02_Ch1.mp4=G:\VisualWorks\Projects\ExxonMobilFullFromStor\Cable_G2\GVI\DATA_20150816063954391\20150816063954391@DVR-02_Ch1mp4.original1
G:\VisualWorks\groupings\aa33000\repaired\20150816070954000@DVR-02_Ch1.mp4=G:\VisualWorks\Projects\ExxonMobilFullFromStor\Cable_G2\GVI\DATA_20150816070954000\20150816070954000@DVR-02_Ch1mp4.original1
